<?xml version="1.0" encoding="UTF-8"?>
<TestRun id="6940f63f-7f77-47a5-b71f-ae5312f3b7c8" name="Glory@GLORY-PC 2014-04-07 16:13:40" runUser="Glory-PC\Glory" xmlns="http://microsoft.com/schemas/VisualStudio/TeamTest/2010">
  <TestSettings name="Default Test Settings" id="f87ec39e-ec45-419b-b90e-8ae71e9af862">
    <Deployment runDeploymentRoot="Glory_GLORY-PC 2014-04-07 16_13_40">
      <DeploymentItem filename="C:\Users\Glory\Documents\GitHub\Carpool\CarpoolSystem\bin\CarpoolSystem.dll" />
      <DeploymentItem filename="C:\Users\Glory\Documents\GitHub\Carpool\packages\Moq.4.2.1402.2112\lib\net40\Moq.dll" />
      <DeploymentItem filename="C:\Users\Glory\Documents\GitHub\Carpool\packages\SimpleCrypto.0.3.30.26\lib\SimpleCrypto.dll" />
    </Deployment>
    <Execution>
      <TestTypeSpecific />
      <AgentRule name="Execution Agents">
      </AgentRule>
    </Execution>
  </TestSettings>
  <Times creation="2014-04-07T16:13:40.1595714-05:00" queuing="2014-04-07T16:13:44.3768126-05:00" start="2014-04-07T16:13:44.6138261-05:00" finish="2014-04-07T16:13:46.7629490-05:00" />
  <ResultSummary outcome="Error">
    <Counters total="3" error="0" failed="0" timeout="0" aborted="0" inconclusive="0" passedButRunAborted="0" notRunnable="0" notExecuted="3" disconnected="0" warning="0" passed="0" completed="0" inProgress="0" pending="0" />
    <RunInfos>
      <RunInfo computerName="GLORY-PC" outcome="Error" timestamp="2014-04-07T16:13:46.7609489-05:00">
        <Text>Test host process exited unexpectedly.</Text>
      </RunInfo>
    </RunInfos>
  </ResultSummary>
  <TestDefinitions>
    <UnitTest name="Test_Event_ModelState_Invalid" storage="c:\users\glory\documents\github\carpool\carpoolsystem.tests\bin\debug\carpoolsystem.tests.dll" id="5a8a0495-1b72-7ab2-c36d-a8bba3765d1e">
      <Execution id="f2f631ba-00eb-45fd-bb89-018e98c90968" />
      <TestMethod codeBase="C:/Users/Glory/Documents/GitHub/Carpool/CarpoolSystem.Tests/bin/Debug/CarpoolSystem.Tests.DLL" adapterTypeName="Microsoft.VisualStudio.TestTools.TestTypes.Unit.UnitTestAdapter, Microsoft.VisualStudio.QualityTools.Tips.UnitTest.Adapter, Version=10.0.0.0, Culture=neutral, PublicKeyToken=b03f5f7f11d50a3a" className="CarpoolSystem.Tests.HomeControllerTest, CarpoolSystem.Tests, Version=1.0.0.0, Culture=neutral, PublicKeyToken=null" name="Test_Event_ModelState_Invalid" />
    </UnitTest>
    <UnitTest name="Test_Login_ReturnView" storage="c:\users\glory\documents\github\carpool\carpoolsystem.tests\bin\debug\carpoolsystem.tests.dll" id="c11acf36-e8bc-9520-4582-7c2365e061ad">
      <Execution id="110fdb36-acff-48a4-80f9-6355ccee703b" />
      <TestMethod codeBase="C:/Users/Glory/Documents/GitHub/Carpool/CarpoolSystem.Tests/bin/Debug/CarpoolSystem.Tests.DLL" adapterTypeName="Microsoft.VisualStudio.TestTools.TestTypes.Unit.UnitTestAdapter, Microsoft.VisualStudio.QualityTools.Tips.UnitTest.Adapter, Version=10.0.0.0, Culture=neutral, PublicKeyToken=b03f5f7f11d50a3a" className="CarpoolSystem.Tests.AccountControllerTest, CarpoolSystem.Tests, Version=1.0.0.0, Culture=neutral, PublicKeyToken=null" name="Test_Login_ReturnView" />
    </UnitTest>
    <UnitTest name="Test_Event_ReturnView" storage="c:\users\glory\documents\github\carpool\carpoolsystem.tests\bin\debug\carpoolsystem.tests.dll" id="e0756e2a-d4a0-519e-5273-b1aa054908a5">
      <Execution id="6c503813-be3a-4232-9162-55988f1e3dd8" />
      <TestMethod codeBase="C:/Users/Glory/Documents/GitHub/Carpool/CarpoolSystem.Tests/bin/Debug/CarpoolSystem.Tests.DLL" adapterTypeName="Microsoft.VisualStudio.TestTools.TestTypes.Unit.UnitTestAdapter, Microsoft.VisualStudio.QualityTools.Tips.UnitTest.Adapter, Version=10.0.0.0, Culture=neutral, PublicKeyToken=b03f5f7f11d50a3a" className="CarpoolSystem.Tests.HomeControllerTest, CarpoolSystem.Tests, Version=1.0.0.0, Culture=neutral, PublicKeyToken=null" name="Test_Event_ReturnView" />
    </UnitTest>
  </TestDefinitions>
  <TestLists>
    <TestList name="Results Not in a List" id="8c84fa94-04c1-424b-9868-57a2d4851a1d" />
    <TestList name="All Loaded Results" id="19431567-8539-422a-85d7-44ee4e166bda" />
  </TestLists>
  <TestEntries>
    <TestEntry testId="5a8a0495-1b72-7ab2-c36d-a8bba3765d1e" executionId="f2f631ba-00eb-45fd-bb89-018e98c90968" testListId="8c84fa94-04c1-424b-9868-57a2d4851a1d" />
    <TestEntry testId="e0756e2a-d4a0-519e-5273-b1aa054908a5" executionId="6c503813-be3a-4232-9162-55988f1e3dd8" testListId="8c84fa94-04c1-424b-9868-57a2d4851a1d" />
    <TestEntry testId="c11acf36-e8bc-9520-4582-7c2365e061ad" executionId="110fdb36-acff-48a4-80f9-6355ccee703b" testListId="8c84fa94-04c1-424b-9868-57a2d4851a1d" />
  </TestEntries>
  <Results>
    <UnitTestResult executionId="f2f631ba-00eb-45fd-bb89-018e98c90968" testId="5a8a0495-1b72-7ab2-c36d-a8bba3765d1e" testName="Test_Event_ModelState_Invalid" computerName="GLORY-PC" testType="13cdc9d9-ddb5-4fa4-a97d-d965ccfc6d4b" outcome="NotExecuted" testListId="8c84fa94-04c1-424b-9868-57a2d4851a1d" relativeResultsDirectory="f2f631ba-00eb-45fd-bb89-018e98c90968">
    </UnitTestResult>
    <UnitTestResult executionId="6c503813-be3a-4232-9162-55988f1e3dd8" testId="e0756e2a-d4a0-519e-5273-b1aa054908a5" testName="Test_Event_ReturnView" computerName="GLORY-PC" testType="13cdc9d9-ddb5-4fa4-a97d-d965ccfc6d4b" outcome="NotExecuted" testListId="8c84fa94-04c1-424b-9868-57a2d4851a1d" relativeResultsDirectory="6c503813-be3a-4232-9162-55988f1e3dd8">
    </UnitTestResult>
    <UnitTestResult executionId="110fdb36-acff-48a4-80f9-6355ccee703b" testId="c11acf36-e8bc-9520-4582-7c2365e061ad" testName="Test_Login_ReturnView" computerName="GLORY-PC" testType="13cdc9d9-ddb5-4fa4-a97d-d965ccfc6d4b" outcome="NotExecuted" testListId="8c84fa94-04c1-424b-9868-57a2d4851a1d" relativeResultsDirectory="110fdb36-acff-48a4-80f9-6355ccee703b">
    </UnitTestResult>
  </Results>
</TestRun>