<?xml version="1.0" encoding="UTF-8"?>
<TestRun id="6b283018-7416-48d1-a77e-00d290d0cf59" name="Kevin@KEVIN-PC 2014-04-07 01:24:50" runUser="Kevin-PC\Kevin" xmlns="http://microsoft.com/schemas/VisualStudio/TeamTest/2010">
  <TestSettings name="Default Test Settings" id="4e41ec1f-2f40-4cb2-bc5e-c1bd6dd434e2">
    <Deployment runDeploymentRoot="Kevin_KEVIN-PC 2014-04-07 01_24_50">
      <DeploymentItem filename="C:\Users\Kevin\Desktop\Git stuff, save save save\Git\home\kevin\Carpool\CarpoolSystem\bin\CarpoolSystem.dll" />
      <DeploymentItem filename="C:\Users\Kevin\Desktop\Git stuff, save save save\Git\home\kevin\Carpool\packages\Moq.4.2.1402.2112\lib\net40\Moq.dll" />
      <DeploymentItem filename="C:\Users\Kevin\Desktop\Git stuff, save save save\Git\home\kevin\Carpool\packages\SimpleCrypto.0.3.30.26\lib\SimpleCrypto.dll" />
    </Deployment>
    <Execution>
      <TestTypeSpecific />
      <AgentRule name="Execution Agents">
      </AgentRule>
    </Execution>
  </TestSettings>
  <Times creation="2014-04-07T01:24:50.2724609-05:00" queuing="2014-04-07T01:24:52.7324218-05:00" start="2014-04-07T01:24:52.8105468-05:00" finish="2014-04-07T01:26:24.2578125-05:00" />
  <ResultSummary outcome="Error">
    <Counters total="1" error="0" failed="0" timeout="0" aborted="0" inconclusive="0" passedButRunAborted="0" notRunnable="0" notExecuted="1" disconnected="0" warning="0" passed="0" completed="0" inProgress="0" pending="0" />
    <RunInfos>
      <RunInfo computerName="KEVIN-PC" outcome="Error" timestamp="2014-04-07T01:26:24.2431640-05:00">
        <Text>Test host process exited unexpectedly.</Text>
      </RunInfo>
    </RunInfos>
  </ResultSummary>
  <TestDefinitions>
    <UnitTest name="Test_Event_ModelState_IsValid" storage="c:\users\kevin\desktop\git stuff, save save save\git\home\kevin\carpool\carpoolsystem.tests\bin\debug\carpoolsystem.tests.dll" id="30b87d5e-80e3-2a4e-fd41-1fc96e865503">
      <Execution id="42826e5d-443d-4c91-8b0e-66d8250245b5" />
      <TestMethod codeBase="C:/Users/Kevin/Desktop/Git stuff, save save save/Git/home/kevin/Carpool/CarpoolSystem.Tests/bin/Debug/CarpoolSystem.Tests.DLL" adapterTypeName="Microsoft.VisualStudio.TestTools.TestTypes.Unit.UnitTestAdapter, Microsoft.VisualStudio.QualityTools.Tips.UnitTest.Adapter, Version=10.0.0.0, Culture=neutral, PublicKeyToken=b03f5f7f11d50a3a" className="CarpoolSystem.Tests.HomeControllerTest, CarpoolSystem.Tests, Version=1.0.0.0, Culture=neutral, PublicKeyToken=null" name="Test_Event_ModelState_IsValid" />
    </UnitTest>
  </TestDefinitions>
  <TestLists>
    <TestList name="Results Not in a List" id="8c84fa94-04c1-424b-9868-57a2d4851a1d" />
    <TestList name="All Loaded Results" id="19431567-8539-422a-85d7-44ee4e166bda" />
  </TestLists>
  <TestEntries>
    <TestEntry testId="30b87d5e-80e3-2a4e-fd41-1fc96e865503" executionId="42826e5d-443d-4c91-8b0e-66d8250245b5" testListId="8c84fa94-04c1-424b-9868-57a2d4851a1d" />
  </TestEntries>
  <Results>
    <UnitTestResult executionId="42826e5d-443d-4c91-8b0e-66d8250245b5" testId="30b87d5e-80e3-2a4e-fd41-1fc96e865503" testName="Test_Event_ModelState_IsValid" computerName="KEVIN-PC" testType="13cdc9d9-ddb5-4fa4-a97d-d965ccfc6d4b" outcome="NotExecuted" testListId="8c84fa94-04c1-424b-9868-57a2d4851a1d" relativeResultsDirectory="42826e5d-443d-4c91-8b0e-66d8250245b5">
    </UnitTestResult>
  </Results>
</TestRun>