<?xml version="1.0" encoding="UTF-8"?>
<TestRun id="3eae3d3e-fe0c-492f-9a0f-0a4555149f8d" name="Kevin@KEVIN-PC 2014-04-07 01:28:17" runUser="Kevin-PC\Kevin" xmlns="http://microsoft.com/schemas/VisualStudio/TeamTest/2010">
  <TestSettings name="Default Test Settings" id="f43fad71-2ba6-41d2-83da-bbad70333ca7">
    <Deployment runDeploymentRoot="Kevin_KEVIN-PC 2014-04-07 01_28_17">
      <DeploymentItem filename="C:\Users\Kevin\Desktop\Git stuff, save save save\Git\home\kevin\Carpool\CarpoolSystem\bin\CarpoolSystem.dll" />
      <DeploymentItem filename="C:\Users\Kevin\Desktop\Git stuff, save save save\Git\home\kevin\Carpool\packages\Moq.4.2.1402.2112\lib\net40\Moq.dll" />
      <DeploymentItem filename="C:\Users\Kevin\Desktop\Git stuff, save save save\Git\home\kevin\Carpool\packages\SimpleCrypto.0.3.30.26\lib\SimpleCrypto.dll" />
    </Deployment>
    <Execution>
      <TestTypeSpecific />
      <AgentRule name="Execution Agents">
      </AgentRule>
    </Execution>
  </TestSettings>
  <Times creation="2014-04-07T01:28:17.1611328-05:00" queuing="2014-04-07T01:28:17.7392578-05:00" start="2014-04-07T01:28:17.8183593-05:00" finish="2014-04-07T01:28:32.4775390-05:00" />
  <ResultSummary outcome="Error">
    <Counters total="1" error="0" failed="0" timeout="0" aborted="0" inconclusive="0" passedButRunAborted="0" notRunnable="0" notExecuted="1" disconnected="0" warning="0" passed="0" completed="0" inProgress="0" pending="0" />
    <RunInfos>
      <RunInfo computerName="KEVIN-PC" outcome="Error" timestamp="2014-04-07T01:28:32.4765625-05:00">
        <Text>Test host process exited unexpectedly.</Text>
      </RunInfo>
    </RunInfos>
  </ResultSummary>
  <TestDefinitions>
    <UnitTest name="Test_Event_ModelState_IsValid" storage="c:\users\kevin\desktop\git stuff, save save save\git\home\kevin\carpool\carpoolsystem.tests\bin\debug\carpoolsystem.tests.dll" id="30b87d5e-80e3-2a4e-fd41-1fc96e865503">
      <Execution id="5aad59f0-b733-4ebb-ae60-16e9969d1b3f" />
      <TestMethod codeBase="C:/Users/Kevin/Desktop/Git stuff, save save save/Git/home/kevin/Carpool/CarpoolSystem.Tests/bin/Debug/CarpoolSystem.Tests.DLL" adapterTypeName="Microsoft.VisualStudio.TestTools.TestTypes.Unit.UnitTestAdapter, Microsoft.VisualStudio.QualityTools.Tips.UnitTest.Adapter, Version=10.0.0.0, Culture=neutral, PublicKeyToken=b03f5f7f11d50a3a" className="CarpoolSystem.Tests.HomeControllerTest, CarpoolSystem.Tests, Version=1.0.0.0, Culture=neutral, PublicKeyToken=null" name="Test_Event_ModelState_IsValid" />
    </UnitTest>
  </TestDefinitions>
  <TestLists>
    <TestList name="Results Not in a List" id="8c84fa94-04c1-424b-9868-57a2d4851a1d" />
    <TestList name="All Loaded Results" id="19431567-8539-422a-85d7-44ee4e166bda" />
  </TestLists>
  <TestEntries>
    <TestEntry testId="30b87d5e-80e3-2a4e-fd41-1fc96e865503" executionId="5aad59f0-b733-4ebb-ae60-16e9969d1b3f" testListId="8c84fa94-04c1-424b-9868-57a2d4851a1d" />
  </TestEntries>
  <Results>
    <UnitTestResult executionId="5aad59f0-b733-4ebb-ae60-16e9969d1b3f" testId="30b87d5e-80e3-2a4e-fd41-1fc96e865503" testName="Test_Event_ModelState_IsValid" computerName="KEVIN-PC" testType="13cdc9d9-ddb5-4fa4-a97d-d965ccfc6d4b" outcome="NotExecuted" testListId="8c84fa94-04c1-424b-9868-57a2d4851a1d" relativeResultsDirectory="5aad59f0-b733-4ebb-ae60-16e9969d1b3f">
    </UnitTestResult>
  </Results>
</TestRun>