<?xml version="1.0" encoding="UTF-8"?>
<TestRun id="fe93bc82-af83-48a8-a195-db650129de70" name="Kevin@KEVIN-PC 2014-04-12 01:52:40" runUser="Kevin-PC\Kevin" xmlns="http://microsoft.com/schemas/VisualStudio/TeamTest/2010">
  <TestSettings name="TestSettings1" id="b16cbaa2-0aa1-4c24-92f5-5d6084601970">
    <Description>These are default test settings for a local test run.</Description>
    <Deployment runDeploymentRoot="Kevin_KEVIN-PC 2014-04-12 01_52_40">
      <DeploymentItem filename="C:\Users\Kevin\Documents\GitHub\Carpool\packages\Moq.4.2.1402.2112\lib\net40\Moq.dll" />
      <DeploymentItem filename="C:\Users\Kevin\Documents\GitHub\Carpool\packages\SimpleCrypto.0.3.30.26\lib\SimpleCrypto.dll" />
      <DeploymentItem filename="C:\Users\Kevin\Documents\GitHub\Carpool\CarpoolSystem\bin\CarpoolSystem.dll" />
    </Deployment>
    <Execution>
      <TestTypeSpecific>
        <UnitTestRunConfig testTypeId="13cdc9d9-ddb5-4fa4-a97d-d965ccfc6d4b">
          <AssemblyResolution>
            <TestDirectory useLoadContext="true" />
          </AssemblyResolution>
        </UnitTestRunConfig>
        <WebTestRunConfiguration testTypeId="4e7599fa-5ecb-43e9-a887-cd63cf72d207">
          <Browser name="Internet Explorer 7.0">
            <Headers>
              <Header name="User-Agent" value="Mozilla/4.0 (compatible; MSIE 7.0; Windows NT 5.1)" />
              <Header name="Accept" value="*/*" />
              <Header name="Accept-Language" value="{{$IEAcceptLanguage}}" />
              <Header name="Accept-Encoding" value="GZIP" />
            </Headers>
          </Browser>
        </WebTestRunConfiguration>
      </TestTypeSpecific>
      <AgentRule name="LocalMachineDefaultRole">
        <DataCollectors>
          <DataCollector uri="datacollector://microsoft/CodeCoverage/1.0" assemblyQualifiedName="Microsoft.VisualStudio.TestTools.CodeCoverage.CoveragePlugIn, Microsoft.VisualStudio.QualityTools.Plugins.CodeCoverage, Version=10.0.0.0, Culture=neutral, PublicKeyToken=b03f5f7f11d50a3a" friendlyName="Code Coverage">
            <Configuration>
              <CodeCoverage xmlns="">
                <Regular>
                  <CodeCoverageItem binaryFile="C:\Users\Kevin\Documents\GitHub\Carpool\CarpoolSystem\bin\CarpoolSystem.dll" pdbFile="C:\Users\Kevin\Documents\GitHub\Carpool\CarpoolSystem\bin\CarpoolSystem.instr.pdb" instrumentInPlace="true" outputDirectory="CarpoolSystem\Bin" />
                </Regular>
                <AspNet>
                  <AspNetCodeCoverageItem id="809be58d-2b9f-4a69-a807-d916fe23afd3" name="CarpoolSystem" applicationRoot="/" url="http://localhost:0/" />
                </AspNet>
              </CodeCoverage>
            </Configuration>
          </DataCollector>
        </DataCollectors>
      </AgentRule>
    </Execution>
  </TestSettings>
  <Times creation="2014-04-12T01:52:40.4179687-05:00" queuing="2014-04-12T01:52:40.9062500-05:00" start="2014-04-12T01:52:40.9394531-05:00" finish="2014-04-12T01:52:50.8105468-05:00" />
  <ResultSummary outcome="Warning">
    <Counters total="33" executed="33" passed="33" error="0" failed="0" timeout="0" aborted="0" inconclusive="0" passedButRunAborted="0" notRunnable="0" notExecuted="0" disconnected="0" warning="0" completed="0" inProgress="0" pending="0" />
    <RunInfos>
      <RunInfo computerName="KEVIN-PC" outcome="Warning" timestamp="2014-04-12T01:52:40.9052734-05:00">
        <Text>Warning: conflict during test run deployment: deployment item 'c:\users\kevin\documents\github\carpool\carpoolsystem.tests\bin\debug\CarpoolSystem.dll' directly or indirectly referenced by the test container 'c:\users\kevin\documents\github\carpool\carpoolsystem.tests\bin\debug\carpoolsystem.tests.dll' cannot be deployed to 'CarpoolSystem.dll' because otherwise the file 'c:\users\kevin\documents\github\carpool\carpoolsystem.tests\bin\debug\CarpoolSystem.dll' would overwrite deployment item 'C:\Users\Kevin\Documents\GitHub\Carpool\CarpoolSystem\bin\CarpoolSystem.dll' directly or indirectly referenced by C:\Users\Kevin\Documents\GitHub\Carpool\CarpoolSystem.Tests\bin\Debug\CarpoolSystem.Tests.dll.</Text>
      </RunInfo>
    </RunInfos>
    <ResultFiles>
      <ResultFile path="KEVIN-PC\data.coverage" />
    </ResultFiles>
  </ResultSummary>
  <TestDefinitions>
    <UnitTest name="Test_Event_ModelState_Invalid" storage="c:\users\kevin\documents\github\carpool\carpoolsystem.tests\bin\debug\carpoolsystem.tests.dll" id="5a8a0495-1b72-7ab2-c36d-a8bba3765d1e">
      <Execution id="471bc77c-1a27-480a-a72e-a126927f3d3a" />
      <TestMethod codeBase="C:/Users/Kevin/Documents/GitHub/Carpool/CarpoolSystem.Tests/bin/Debug/CarpoolSystem.Tests.DLL" adapterTypeName="Microsoft.VisualStudio.TestTools.TestTypes.Unit.UnitTestAdapter, Microsoft.VisualStudio.QualityTools.Tips.UnitTest.Adapter, Version=10.0.0.0, Culture=neutral, PublicKeyToken=b03f5f7f11d50a3a" className="CarpoolSystem.Tests.HomeControllerTest, CarpoolSystem.Tests, Version=1.0.0.0, Culture=neutral, PublicKeyToken=null" name="Test_Event_ModelState_Invalid" />
    </UnitTest>
    <UnitTest name="Test_Registration_ModelState_valid_UserNameExists" storage="c:\users\kevin\documents\github\carpool\carpoolsystem.tests\bin\debug\carpoolsystem.tests.dll" id="717b1650-0204-9988-dc94-78f979ef52fe">
      <Execution id="f3871801-6c85-4fe7-a728-e03fb5144c7a" />
      <TestMethod codeBase="C:/Users/Kevin/Documents/GitHub/Carpool/CarpoolSystem.Tests/bin/Debug/CarpoolSystem.Tests.DLL" adapterTypeName="Microsoft.VisualStudio.TestTools.TestTypes.Unit.UnitTestAdapter, Microsoft.VisualStudio.QualityTools.Tips.UnitTest.Adapter, Version=10.0.0.0, Culture=neutral, PublicKeyToken=b03f5f7f11d50a3a" className="CarpoolSystem.Tests.AccountControllerTest, CarpoolSystem.Tests, Version=1.0.0.0, Culture=neutral, PublicKeyToken=null" name="Test_Registration_ModelState_valid_UserNameExists" />
    </UnitTest>
    <UnitTest name="Test_ChangePassword_ModelState_Invalid_ReturnView" storage="c:\users\kevin\documents\github\carpool\carpoolsystem.tests\bin\debug\carpoolsystem.tests.dll" id="a84fe5ee-6606-31a4-9b1a-96593a151b1a">
      <Execution id="eaf42283-309e-4d8e-9981-94110af265db" />
      <TestMethod codeBase="C:/Users/Kevin/Documents/GitHub/Carpool/CarpoolSystem.Tests/bin/Debug/CarpoolSystem.Tests.DLL" adapterTypeName="Microsoft.VisualStudio.TestTools.TestTypes.Unit.UnitTestAdapter, Microsoft.VisualStudio.QualityTools.Tips.UnitTest.Adapter, Version=10.0.0.0, Culture=neutral, PublicKeyToken=b03f5f7f11d50a3a" className="CarpoolSystem.Tests.AccountControllerTest, CarpoolSystem.Tests, Version=1.0.0.0, Culture=neutral, PublicKeyToken=null" name="Test_ChangePassword_ModelState_Invalid_ReturnView" />
    </UnitTest>
    <UnitTest name="Test_SearchResults_Empty_ReturnView" storage="c:\users\kevin\documents\github\carpool\carpoolsystem.tests\bin\debug\carpoolsystem.tests.dll" id="42e10f2d-e9b8-e879-c578-a97b52179045">
      <Execution id="15ef94d8-1d5b-4b96-8501-28c89f353428" />
      <TestMethod codeBase="C:/Users/Kevin/Documents/GitHub/Carpool/CarpoolSystem.Tests/bin/Debug/CarpoolSystem.Tests.DLL" adapterTypeName="Microsoft.VisualStudio.TestTools.TestTypes.Unit.UnitTestAdapter, Microsoft.VisualStudio.QualityTools.Tips.UnitTest.Adapter, Version=10.0.0.0, Culture=neutral, PublicKeyToken=b03f5f7f11d50a3a" className="CarpoolSystem.Tests.HomeControllerTest, CarpoolSystem.Tests, Version=1.0.0.0, Culture=neutral, PublicKeyToken=null" name="Test_SearchResults_Empty_ReturnView" />
    </UnitTest>
    <UnitTest name="Test_Registration_ModelState_Invalid" storage="c:\users\kevin\documents\github\carpool\carpoolsystem.tests\bin\debug\carpoolsystem.tests.dll" id="053b015b-ef8c-834f-e0c9-b9511da34101">
      <Execution id="64f88655-3ccf-4383-950a-7bb2f3a6be65" />
      <TestMethod codeBase="C:/Users/Kevin/Documents/GitHub/Carpool/CarpoolSystem.Tests/bin/Debug/CarpoolSystem.Tests.DLL" adapterTypeName="Microsoft.VisualStudio.TestTools.TestTypes.Unit.UnitTestAdapter, Microsoft.VisualStudio.QualityTools.Tips.UnitTest.Adapter, Version=10.0.0.0, Culture=neutral, PublicKeyToken=b03f5f7f11d50a3a" className="CarpoolSystem.Tests.AccountControllerTest, CarpoolSystem.Tests, Version=1.0.0.0, Culture=neutral, PublicKeyToken=null" name="Test_Registration_ModelState_Invalid" />
    </UnitTest>
    <UnitTest name="Test_MainPage_UserNotLoggedIn_ReturnView" storage="c:\users\kevin\documents\github\carpool\carpoolsystem.tests\bin\debug\carpoolsystem.tests.dll" id="815db64d-24a1-ac33-dc86-aee96d34e23a">
      <Execution id="92ac9eeb-cbe8-4426-9fb6-bfdcda065249" />
      <TestMethod codeBase="C:/Users/Kevin/Documents/GitHub/Carpool/CarpoolSystem.Tests/bin/Debug/CarpoolSystem.Tests.DLL" adapterTypeName="Microsoft.VisualStudio.TestTools.TestTypes.Unit.UnitTestAdapter, Microsoft.VisualStudio.QualityTools.Tips.UnitTest.Adapter, Version=10.0.0.0, Culture=neutral, PublicKeyToken=b03f5f7f11d50a3a" className="CarpoolSystem.Tests.HomeControllerTest, CarpoolSystem.Tests, Version=1.0.0.0, Culture=neutral, PublicKeyToken=null" name="Test_MainPage_UserNotLoggedIn_ReturnView" />
    </UnitTest>
    <UnitTest name="Test_Registration_ModelState_valid_UserDoesNotExist" storage="c:\users\kevin\documents\github\carpool\carpoolsystem.tests\bin\debug\carpoolsystem.tests.dll" id="7cf73e1e-174b-6d18-8ad1-e8281d21b208">
      <Execution id="ad0ce9d3-b6a2-4ba8-971d-4c8a9ed45348" />
      <TestMethod codeBase="C:/Users/Kevin/Documents/GitHub/Carpool/CarpoolSystem.Tests/bin/Debug/CarpoolSystem.Tests.DLL" adapterTypeName="Microsoft.VisualStudio.TestTools.TestTypes.Unit.UnitTestAdapter, Microsoft.VisualStudio.QualityTools.Tips.UnitTest.Adapter, Version=10.0.0.0, Culture=neutral, PublicKeyToken=b03f5f7f11d50a3a" className="CarpoolSystem.Tests.AccountControllerTest, CarpoolSystem.Tests, Version=1.0.0.0, Culture=neutral, PublicKeyToken=null" name="Test_Registration_ModelState_valid_UserDoesNotExist" />
    </UnitTest>
    <UnitTest name="Test_EventDisplay_ReturnView" storage="c:\users\kevin\documents\github\carpool\carpoolsystem.tests\bin\debug\carpoolsystem.tests.dll" id="fac8c2eb-7e28-b1dc-2c25-55b8c8112954">
      <Execution id="1f0bfdea-b8eb-4126-88ae-3e51bf010c4a" />
      <TestMethod codeBase="C:/Users/Kevin/Documents/GitHub/Carpool/CarpoolSystem.Tests/bin/Debug/CarpoolSystem.Tests.DLL" adapterTypeName="Microsoft.VisualStudio.TestTools.TestTypes.Unit.UnitTestAdapter, Microsoft.VisualStudio.QualityTools.Tips.UnitTest.Adapter, Version=10.0.0.0, Culture=neutral, PublicKeyToken=b03f5f7f11d50a3a" className="CarpoolSystem.Tests.HomeControllerTest, CarpoolSystem.Tests, Version=1.0.0.0, Culture=neutral, PublicKeyToken=null" name="Test_EventDisplay_ReturnView" />
    </UnitTest>
    <UnitTest name="Test_ChangePassword_ModelState_Valid_PasswordMismatch_Post" storage="c:\users\kevin\documents\github\carpool\carpoolsystem.tests\bin\debug\carpoolsystem.tests.dll" id="49297630-4365-f8fb-9d27-98400e64877b">
      <Execution id="f922784e-ed09-4add-9a74-eb13162614db" />
      <TestMethod codeBase="C:/Users/Kevin/Documents/GitHub/Carpool/CarpoolSystem.Tests/bin/Debug/CarpoolSystem.Tests.DLL" adapterTypeName="Microsoft.VisualStudio.TestTools.TestTypes.Unit.UnitTestAdapter, Microsoft.VisualStudio.QualityTools.Tips.UnitTest.Adapter, Version=10.0.0.0, Culture=neutral, PublicKeyToken=b03f5f7f11d50a3a" className="CarpoolSystem.Tests.AccountControllerTest, CarpoolSystem.Tests, Version=1.0.0.0, Culture=neutral, PublicKeyToken=null" name="Test_ChangePassword_ModelState_Valid_PasswordMismatch_Post" />
    </UnitTest>
    <UnitTest name="Test_LogIn_ModelState_Invalid" storage="c:\users\kevin\documents\github\carpool\carpoolsystem.tests\bin\debug\carpoolsystem.tests.dll" id="164099e4-ba0b-92a0-ab8e-6423b2940adc">
      <Execution id="4e64b45c-a234-46d2-ada2-efea6a20dadf" />
      <TestMethod codeBase="C:/Users/Kevin/Documents/GitHub/Carpool/CarpoolSystem.Tests/bin/Debug/CarpoolSystem.Tests.DLL" adapterTypeName="Microsoft.VisualStudio.TestTools.TestTypes.Unit.UnitTestAdapter, Microsoft.VisualStudio.QualityTools.Tips.UnitTest.Adapter, Version=10.0.0.0, Culture=neutral, PublicKeyToken=b03f5f7f11d50a3a" className="CarpoolSystem.Tests.AccountControllerTest, CarpoolSystem.Tests, Version=1.0.0.0, Culture=neutral, PublicKeyToken=null" name="Test_LogIn_ModelState_Invalid" />
    </UnitTest>
    <UnitTest name="Test_PasswordChangeOk_ReturnView" storage="c:\users\kevin\documents\github\carpool\carpoolsystem.tests\bin\debug\carpoolsystem.tests.dll" id="29d92cf9-f432-a0b6-0159-38cb9d7bf1b5">
      <Execution id="71b15247-f6df-4df4-834e-a3b2eefd3260" />
      <TestMethod codeBase="C:/Users/Kevin/Documents/GitHub/Carpool/CarpoolSystem.Tests/bin/Debug/CarpoolSystem.Tests.DLL" adapterTypeName="Microsoft.VisualStudio.TestTools.TestTypes.Unit.UnitTestAdapter, Microsoft.VisualStudio.QualityTools.Tips.UnitTest.Adapter, Version=10.0.0.0, Culture=neutral, PublicKeyToken=b03f5f7f11d50a3a" className="CarpoolSystem.Tests.AccountControllerTest, CarpoolSystem.Tests, Version=1.0.0.0, Culture=neutral, PublicKeyToken=null" name="Test_PasswordChangeOk_ReturnView" />
    </UnitTest>
    <UnitTest name="Test_Profile_UserNotLoggedIn_ReturnView" storage="c:\users\kevin\documents\github\carpool\carpoolsystem.tests\bin\debug\carpoolsystem.tests.dll" id="cf2418f0-81d3-3567-0c54-6728f5046db1">
      <Execution id="c650ab37-45d7-4f18-a88a-932d64a05cb4" />
      <TestMethod codeBase="C:/Users/Kevin/Documents/GitHub/Carpool/CarpoolSystem.Tests/bin/Debug/CarpoolSystem.Tests.DLL" adapterTypeName="Microsoft.VisualStudio.TestTools.TestTypes.Unit.UnitTestAdapter, Microsoft.VisualStudio.QualityTools.Tips.UnitTest.Adapter, Version=10.0.0.0, Culture=neutral, PublicKeyToken=b03f5f7f11d50a3a" className="CarpoolSystem.Tests.AccountControllerTest, CarpoolSystem.Tests, Version=1.0.0.0, Culture=neutral, PublicKeyToken=null" name="Test_Profile_UserNotLoggedIn_ReturnView" />
    </UnitTest>
    <UnitTest name="Test_Event_UserLoggedIn_ReturnView" storage="c:\users\kevin\documents\github\carpool\carpoolsystem.tests\bin\debug\carpoolsystem.tests.dll" id="6e15b933-ff7e-56a0-169f-2d4647c62934">
      <Execution id="07854727-3c7f-49fb-b6be-23c7c5ce2056" />
      <TestMethod codeBase="C:/Users/Kevin/Documents/GitHub/Carpool/CarpoolSystem.Tests/bin/Debug/CarpoolSystem.Tests.DLL" adapterTypeName="Microsoft.VisualStudio.TestTools.TestTypes.Unit.UnitTestAdapter, Microsoft.VisualStudio.QualityTools.Tips.UnitTest.Adapter, Version=10.0.0.0, Culture=neutral, PublicKeyToken=b03f5f7f11d50a3a" className="CarpoolSystem.Tests.HomeControllerTest, CarpoolSystem.Tests, Version=1.0.0.0, Culture=neutral, PublicKeyToken=null" name="Test_Event_UserLoggedIn_ReturnView" />
    </UnitTest>
    <UnitTest name="Test_SuccessfulReg_UserLoggedIn_ReturnView" storage="c:\users\kevin\documents\github\carpool\carpoolsystem.tests\bin\debug\carpoolsystem.tests.dll" id="31df9e2e-826b-726c-d18a-8943099f7f92">
      <Execution id="432b224d-6010-4fe5-9136-ebe4f007e281" />
      <TestMethod codeBase="C:/Users/Kevin/Documents/GitHub/Carpool/CarpoolSystem.Tests/bin/Debug/CarpoolSystem.Tests.DLL" adapterTypeName="Microsoft.VisualStudio.TestTools.TestTypes.Unit.UnitTestAdapter, Microsoft.VisualStudio.QualityTools.Tips.UnitTest.Adapter, Version=10.0.0.0, Culture=neutral, PublicKeyToken=b03f5f7f11d50a3a" className="CarpoolSystem.Tests.HomeControllerTest, CarpoolSystem.Tests, Version=1.0.0.0, Culture=neutral, PublicKeyToken=null" name="Test_SuccessfulReg_UserLoggedIn_ReturnView" />
    </UnitTest>
    <UnitTest name="Test_Login_ReturnView" storage="c:\users\kevin\documents\github\carpool\carpoolsystem.tests\bin\debug\carpoolsystem.tests.dll" id="c11acf36-e8bc-9520-4582-7c2365e061ad">
      <Execution id="2f822000-d44a-416d-b0a4-5117dffc08c2" />
      <TestMethod codeBase="C:/Users/Kevin/Documents/GitHub/Carpool/CarpoolSystem.Tests/bin/Debug/CarpoolSystem.Tests.DLL" adapterTypeName="Microsoft.VisualStudio.TestTools.TestTypes.Unit.UnitTestAdapter, Microsoft.VisualStudio.QualityTools.Tips.UnitTest.Adapter, Version=10.0.0.0, Culture=neutral, PublicKeyToken=b03f5f7f11d50a3a" className="CarpoolSystem.Tests.AccountControllerTest, CarpoolSystem.Tests, Version=1.0.0.0, Culture=neutral, PublicKeyToken=null" name="Test_Login_ReturnView" />
    </UnitTest>
    <UnitTest name="Test_Search_UserNotLoggedIn_ReturnView" storage="c:\users\kevin\documents\github\carpool\carpoolsystem.tests\bin\debug\carpoolsystem.tests.dll" id="a95b3af5-3900-fab4-5fde-623e2e0f065e">
      <Execution id="afaf87f1-9db0-461b-9c35-6a23c52621ee" />
      <TestMethod codeBase="C:/Users/Kevin/Documents/GitHub/Carpool/CarpoolSystem.Tests/bin/Debug/CarpoolSystem.Tests.DLL" adapterTypeName="Microsoft.VisualStudio.TestTools.TestTypes.Unit.UnitTestAdapter, Microsoft.VisualStudio.QualityTools.Tips.UnitTest.Adapter, Version=10.0.0.0, Culture=neutral, PublicKeyToken=b03f5f7f11d50a3a" className="CarpoolSystem.Tests.HomeControllerTest, CarpoolSystem.Tests, Version=1.0.0.0, Culture=neutral, PublicKeyToken=null" name="Test_Search_UserNotLoggedIn_ReturnView" />
    </UnitTest>
    <UnitTest name="Test_About_ReturnView" storage="c:\users\kevin\documents\github\carpool\carpoolsystem.tests\bin\debug\carpoolsystem.tests.dll" id="459e5e0d-b7d9-c4bf-07f9-8eb387c8fac9">
      <Execution id="72667414-c626-4b4f-bb00-b2252d217bc6" />
      <TestMethod codeBase="C:/Users/Kevin/Documents/GitHub/Carpool/CarpoolSystem.Tests/bin/Debug/CarpoolSystem.Tests.DLL" adapterTypeName="Microsoft.VisualStudio.TestTools.TestTypes.Unit.UnitTestAdapter, Microsoft.VisualStudio.QualityTools.Tips.UnitTest.Adapter, Version=10.0.0.0, Culture=neutral, PublicKeyToken=b03f5f7f11d50a3a" className="CarpoolSystem.Tests.HomeControllerTest, CarpoolSystem.Tests, Version=1.0.0.0, Culture=neutral, PublicKeyToken=null" name="Test_About_ReturnView" />
    </UnitTest>
    <UnitTest name="Test_ChangePassword_UserNotLoggedIn_ReturnView" storage="c:\users\kevin\documents\github\carpool\carpoolsystem.tests\bin\debug\carpoolsystem.tests.dll" id="5f3c2d4e-f729-aa13-be01-4184e2d8ab6f">
      <Execution id="26a72fb4-29c4-414b-b26a-3192445e937a" />
      <TestMethod codeBase="C:/Users/Kevin/Documents/GitHub/Carpool/CarpoolSystem.Tests/bin/Debug/CarpoolSystem.Tests.DLL" adapterTypeName="Microsoft.VisualStudio.TestTools.TestTypes.Unit.UnitTestAdapter, Microsoft.VisualStudio.QualityTools.Tips.UnitTest.Adapter, Version=10.0.0.0, Culture=neutral, PublicKeyToken=b03f5f7f11d50a3a" className="CarpoolSystem.Tests.AccountControllerTest, CarpoolSystem.Tests, Version=1.0.0.0, Culture=neutral, PublicKeyToken=null" name="Test_ChangePassword_UserNotLoggedIn_ReturnView" />
    </UnitTest>
    <UnitTest name="Test_ChangePassword_UserLoggedIn_ReturnView" storage="c:\users\kevin\documents\github\carpool\carpoolsystem.tests\bin\debug\carpoolsystem.tests.dll" id="f6c0caf2-c62e-af8c-adc6-21a661a7a955">
      <Execution id="7d9e089f-a729-4630-9d02-4f9de47d18e9" />
      <TestMethod codeBase="C:/Users/Kevin/Documents/GitHub/Carpool/CarpoolSystem.Tests/bin/Debug/CarpoolSystem.Tests.DLL" adapterTypeName="Microsoft.VisualStudio.TestTools.TestTypes.Unit.UnitTestAdapter, Microsoft.VisualStudio.QualityTools.Tips.UnitTest.Adapter, Version=10.0.0.0, Culture=neutral, PublicKeyToken=b03f5f7f11d50a3a" className="CarpoolSystem.Tests.AccountControllerTest, CarpoolSystem.Tests, Version=1.0.0.0, Culture=neutral, PublicKeyToken=null" name="Test_ChangePassword_UserLoggedIn_ReturnView" />
    </UnitTest>
    <UnitTest name="Test_SuccessfulReg_UserNotLoggedIn_ReturnView" storage="c:\users\kevin\documents\github\carpool\carpoolsystem.tests\bin\debug\carpoolsystem.tests.dll" id="f524a2fd-4fe7-b06b-fe28-99e3f04e3630">
      <Execution id="04c688f4-d900-408e-bc1b-6e6269a75bd0" />
      <TestMethod codeBase="C:/Users/Kevin/Documents/GitHub/Carpool/CarpoolSystem.Tests/bin/Debug/CarpoolSystem.Tests.DLL" adapterTypeName="Microsoft.VisualStudio.TestTools.TestTypes.Unit.UnitTestAdapter, Microsoft.VisualStudio.QualityTools.Tips.UnitTest.Adapter, Version=10.0.0.0, Culture=neutral, PublicKeyToken=b03f5f7f11d50a3a" className="CarpoolSystem.Tests.HomeControllerTest, CarpoolSystem.Tests, Version=1.0.0.0, Culture=neutral, PublicKeyToken=null" name="Test_SuccessfulReg_UserNotLoggedIn_ReturnView" />
    </UnitTest>
    <UnitTest name="Test_Event_ModelState_valid" storage="c:\users\kevin\documents\github\carpool\carpoolsystem.tests\bin\debug\carpoolsystem.tests.dll" id="bd23bef9-2e8b-117f-4a31-c1f508ae4ece">
      <Execution id="3e6f8f0d-f7bc-49cb-98d7-8ba288fc1ad3" />
      <TestMethod codeBase="C:/Users/Kevin/Documents/GitHub/Carpool/CarpoolSystem.Tests/bin/Debug/CarpoolSystem.Tests.DLL" adapterTypeName="Microsoft.VisualStudio.TestTools.TestTypes.Unit.UnitTestAdapter, Microsoft.VisualStudio.QualityTools.Tips.UnitTest.Adapter, Version=10.0.0.0, Culture=neutral, PublicKeyToken=b03f5f7f11d50a3a" className="CarpoolSystem.Tests.HomeControllerTest, CarpoolSystem.Tests, Version=1.0.0.0, Culture=neutral, PublicKeyToken=null" name="Test_Event_ModelState_valid" />
    </UnitTest>
    <UnitTest name="Test_Search_UserLoggedIn_ReturnView" storage="c:\users\kevin\documents\github\carpool\carpoolsystem.tests\bin\debug\carpoolsystem.tests.dll" id="6750c12b-3b10-ec17-5c41-f0f6c0692e9d">
      <Execution id="de5bf875-0865-4608-8a7e-7057829dfbf4" />
      <TestMethod codeBase="C:/Users/Kevin/Documents/GitHub/Carpool/CarpoolSystem.Tests/bin/Debug/CarpoolSystem.Tests.DLL" adapterTypeName="Microsoft.VisualStudio.TestTools.TestTypes.Unit.UnitTestAdapter, Microsoft.VisualStudio.QualityTools.Tips.UnitTest.Adapter, Version=10.0.0.0, Culture=neutral, PublicKeyToken=b03f5f7f11d50a3a" className="CarpoolSystem.Tests.HomeControllerTest, CarpoolSystem.Tests, Version=1.0.0.0, Culture=neutral, PublicKeyToken=null" name="Test_Search_UserLoggedIn_ReturnView" />
    </UnitTest>
    <UnitTest name="Test_MainPage_UserLoggedIn_ReturnView" storage="c:\users\kevin\documents\github\carpool\carpoolsystem.tests\bin\debug\carpoolsystem.tests.dll" id="171c0eff-76ac-4f24-fa59-4eb6dcf76e95">
      <Execution id="54a73a06-8cf2-4ec6-af0d-cc66c5c8e849" />
      <TestMethod codeBase="C:/Users/Kevin/Documents/GitHub/Carpool/CarpoolSystem.Tests/bin/Debug/CarpoolSystem.Tests.DLL" adapterTypeName="Microsoft.VisualStudio.TestTools.TestTypes.Unit.UnitTestAdapter, Microsoft.VisualStudio.QualityTools.Tips.UnitTest.Adapter, Version=10.0.0.0, Culture=neutral, PublicKeyToken=b03f5f7f11d50a3a" className="CarpoolSystem.Tests.HomeControllerTest, CarpoolSystem.Tests, Version=1.0.0.0, Culture=neutral, PublicKeyToken=null" name="Test_MainPage_UserLoggedIn_ReturnView" />
    </UnitTest>
    <UnitTest name="Test_Profile_UserLoggedIn_ReturnView" storage="c:\users\kevin\documents\github\carpool\carpoolsystem.tests\bin\debug\carpoolsystem.tests.dll" id="d06b9bc0-4df4-7107-5508-48a6b2f5937a">
      <Execution id="226b5100-6a94-47b4-93b6-17eea592e4bd" />
      <TestMethod codeBase="C:/Users/Kevin/Documents/GitHub/Carpool/CarpoolSystem.Tests/bin/Debug/CarpoolSystem.Tests.DLL" adapterTypeName="Microsoft.VisualStudio.TestTools.TestTypes.Unit.UnitTestAdapter, Microsoft.VisualStudio.QualityTools.Tips.UnitTest.Adapter, Version=10.0.0.0, Culture=neutral, PublicKeyToken=b03f5f7f11d50a3a" className="CarpoolSystem.Tests.AccountControllerTest, CarpoolSystem.Tests, Version=1.0.0.0, Culture=neutral, PublicKeyToken=null" name="Test_Profile_UserLoggedIn_ReturnView" />
    </UnitTest>
    <UnitTest name="Test_PasswordRetrieval_ModelState_Invalid_ReturnView" storage="c:\users\kevin\documents\github\carpool\carpoolsystem.tests\bin\debug\carpoolsystem.tests.dll" id="5ee3c7e1-c65e-19bc-5ece-cc66724571f5">
      <Execution id="3ecbe3ac-a968-4c64-9ee6-127cc2b44a5a" />
      <TestMethod codeBase="C:/Users/Kevin/Documents/GitHub/Carpool/CarpoolSystem.Tests/bin/Debug/CarpoolSystem.Tests.DLL" adapterTypeName="Microsoft.VisualStudio.TestTools.TestTypes.Unit.UnitTestAdapter, Microsoft.VisualStudio.QualityTools.Tips.UnitTest.Adapter, Version=10.0.0.0, Culture=neutral, PublicKeyToken=b03f5f7f11d50a3a" className="CarpoolSystem.Tests.AccountControllerTest, CarpoolSystem.Tests, Version=1.0.0.0, Culture=neutral, PublicKeyToken=null" name="Test_PasswordRetrieval_ModelState_Invalid_ReturnView" />
    </UnitTest>
    <UnitTest name="Test_SearchResults_ByState_ReturnPartialView" storage="c:\users\kevin\documents\github\carpool\carpoolsystem.tests\bin\debug\carpoolsystem.tests.dll" id="5de0297e-6598-19da-5379-ce3e13e2f137">
      <Execution id="77da675b-7c37-4347-b4e5-26e254f803d9" />
      <TestMethod codeBase="C:/Users/Kevin/Documents/GitHub/Carpool/CarpoolSystem.Tests/bin/Debug/CarpoolSystem.Tests.DLL" adapterTypeName="Microsoft.VisualStudio.TestTools.TestTypes.Unit.UnitTestAdapter, Microsoft.VisualStudio.QualityTools.Tips.UnitTest.Adapter, Version=10.0.0.0, Culture=neutral, PublicKeyToken=b03f5f7f11d50a3a" className="CarpoolSystem.Tests.HomeControllerTest, CarpoolSystem.Tests, Version=1.0.0.0, Culture=neutral, PublicKeyToken=null" name="Test_SearchResults_ByState_ReturnPartialView" />
    </UnitTest>
    <UnitTest name="Test_SearchResults_ByUser_ReturnPartialView" storage="c:\users\kevin\documents\github\carpool\carpoolsystem.tests\bin\debug\carpoolsystem.tests.dll" id="6aa140b3-bf4e-88f5-102e-87d426f7b629">
      <Execution id="27598ac4-4afb-4dac-b142-0aa735b34059" />
      <TestMethod codeBase="C:/Users/Kevin/Documents/GitHub/Carpool/CarpoolSystem.Tests/bin/Debug/CarpoolSystem.Tests.DLL" adapterTypeName="Microsoft.VisualStudio.TestTools.TestTypes.Unit.UnitTestAdapter, Microsoft.VisualStudio.QualityTools.Tips.UnitTest.Adapter, Version=10.0.0.0, Culture=neutral, PublicKeyToken=b03f5f7f11d50a3a" className="CarpoolSystem.Tests.HomeControllerTest, CarpoolSystem.Tests, Version=1.0.0.0, Culture=neutral, PublicKeyToken=null" name="Test_SearchResults_ByUser_ReturnPartialView" />
    </UnitTest>
    <UnitTest name="Test_Registration_ReturnView" storage="c:\users\kevin\documents\github\carpool\carpoolsystem.tests\bin\debug\carpoolsystem.tests.dll" id="dd2171bc-4fa0-469d-00a5-8bf8946c3e04">
      <Execution id="c2c07d51-904d-48cc-a588-73f282dc86f2" />
      <TestMethod codeBase="C:/Users/Kevin/Documents/GitHub/Carpool/CarpoolSystem.Tests/bin/Debug/CarpoolSystem.Tests.DLL" adapterTypeName="Microsoft.VisualStudio.TestTools.TestTypes.Unit.UnitTestAdapter, Microsoft.VisualStudio.QualityTools.Tips.UnitTest.Adapter, Version=10.0.0.0, Culture=neutral, PublicKeyToken=b03f5f7f11d50a3a" className="CarpoolSystem.Tests.AccountControllerTest, CarpoolSystem.Tests, Version=1.0.0.0, Culture=neutral, PublicKeyToken=null" name="Test_Registration_ReturnView" />
    </UnitTest>
    <UnitTest name="Test_LogIn_ModelState_Valid_InvalidUser" storage="c:\users\kevin\documents\github\carpool\carpoolsystem.tests\bin\debug\carpoolsystem.tests.dll" id="4d823677-f8a9-b640-f9d4-00316cf4fa30">
      <Execution id="b53e64c9-bd71-4188-843f-5e0f435e9bb7" />
      <TestMethod codeBase="C:/Users/Kevin/Documents/GitHub/Carpool/CarpoolSystem.Tests/bin/Debug/CarpoolSystem.Tests.DLL" adapterTypeName="Microsoft.VisualStudio.TestTools.TestTypes.Unit.UnitTestAdapter, Microsoft.VisualStudio.QualityTools.Tips.UnitTest.Adapter, Version=10.0.0.0, Culture=neutral, PublicKeyToken=b03f5f7f11d50a3a" className="CarpoolSystem.Tests.AccountControllerTest, CarpoolSystem.Tests, Version=1.0.0.0, Culture=neutral, PublicKeyToken=null" name="Test_LogIn_ModelState_Valid_InvalidUser" />
    </UnitTest>
    <UnitTest name="Test_LogOut_ReturnView" storage="c:\users\kevin\documents\github\carpool\carpoolsystem.tests\bin\debug\carpoolsystem.tests.dll" id="701953a0-67c5-2b53-bc31-5ddcb255dadf">
      <Execution id="28563384-808a-4e1e-8eb8-d7c49d8e1812" />
      <TestMethod codeBase="C:/Users/Kevin/Documents/GitHub/Carpool/CarpoolSystem.Tests/bin/Debug/CarpoolSystem.Tests.DLL" adapterTypeName="Microsoft.VisualStudio.TestTools.TestTypes.Unit.UnitTestAdapter, Microsoft.VisualStudio.QualityTools.Tips.UnitTest.Adapter, Version=10.0.0.0, Culture=neutral, PublicKeyToken=b03f5f7f11d50a3a" className="CarpoolSystem.Tests.AccountControllerTest, CarpoolSystem.Tests, Version=1.0.0.0, Culture=neutral, PublicKeyToken=null" name="Test_LogOut_ReturnView" />
    </UnitTest>
    <UnitTest name="Test_LogIn_ModelState_Valid" storage="c:\users\kevin\documents\github\carpool\carpoolsystem.tests\bin\debug\carpoolsystem.tests.dll" id="0aa1f4a1-1351-4dcf-b843-2ef400e167a5">
      <Execution id="0bf23ca3-47e8-410a-a4e1-05bfb7a00e6a" />
      <TestMethod codeBase="C:/Users/Kevin/Documents/GitHub/Carpool/CarpoolSystem.Tests/bin/Debug/CarpoolSystem.Tests.DLL" adapterTypeName="Microsoft.VisualStudio.TestTools.TestTypes.Unit.UnitTestAdapter, Microsoft.VisualStudio.QualityTools.Tips.UnitTest.Adapter, Version=10.0.0.0, Culture=neutral, PublicKeyToken=b03f5f7f11d50a3a" className="CarpoolSystem.Tests.AccountControllerTest, CarpoolSystem.Tests, Version=1.0.0.0, Culture=neutral, PublicKeyToken=null" name="Test_LogIn_ModelState_Valid" />
    </UnitTest>
    <UnitTest name="Test_Event_UserNotLoggedIn_ReturnView" storage="c:\users\kevin\documents\github\carpool\carpoolsystem.tests\bin\debug\carpoolsystem.tests.dll" id="5f29ca38-0666-824c-44dc-c53ef6e8adbf">
      <Execution id="cb0cd789-5eab-43fe-b747-785881bc2c96" />
      <TestMethod codeBase="C:/Users/Kevin/Documents/GitHub/Carpool/CarpoolSystem.Tests/bin/Debug/CarpoolSystem.Tests.DLL" adapterTypeName="Microsoft.VisualStudio.TestTools.TestTypes.Unit.UnitTestAdapter, Microsoft.VisualStudio.QualityTools.Tips.UnitTest.Adapter, Version=10.0.0.0, Culture=neutral, PublicKeyToken=b03f5f7f11d50a3a" className="CarpoolSystem.Tests.HomeControllerTest, CarpoolSystem.Tests, Version=1.0.0.0, Culture=neutral, PublicKeyToken=null" name="Test_Event_UserNotLoggedIn_ReturnView" />
    </UnitTest>
    <UnitTest name="Test_PasswordRetrieval_ModelState_valid_ReturnView" storage="c:\users\kevin\documents\github\carpool\carpoolsystem.tests\bin\debug\carpoolsystem.tests.dll" id="dbf96828-40b9-cd3c-9490-78fa1b1aa5b8">
      <Execution id="dcea55fb-ec10-4c7f-b81c-3e41fd9691a9" />
      <TestMethod codeBase="C:/Users/Kevin/Documents/GitHub/Carpool/CarpoolSystem.Tests/bin/Debug/CarpoolSystem.Tests.DLL" adapterTypeName="Microsoft.VisualStudio.TestTools.TestTypes.Unit.UnitTestAdapter, Microsoft.VisualStudio.QualityTools.Tips.UnitTest.Adapter, Version=10.0.0.0, Culture=neutral, PublicKeyToken=b03f5f7f11d50a3a" className="CarpoolSystem.Tests.AccountControllerTest, CarpoolSystem.Tests, Version=1.0.0.0, Culture=neutral, PublicKeyToken=null" name="Test_PasswordRetrieval_ModelState_valid_ReturnView" />
    </UnitTest>
  </TestDefinitions>
  <TestLists>
    <TestList name="Results Not in a List" id="8c84fa94-04c1-424b-9868-57a2d4851a1d" />
    <TestList name="All Loaded Results" id="19431567-8539-422a-85d7-44ee4e166bda" />
  </TestLists>
  <TestEntries>
    <TestEntry testId="053b015b-ef8c-834f-e0c9-b9511da34101" executionId="64f88655-3ccf-4383-950a-7bb2f3a6be65" testListId="8c84fa94-04c1-424b-9868-57a2d4851a1d" />
    <TestEntry testId="0aa1f4a1-1351-4dcf-b843-2ef400e167a5" executionId="0bf23ca3-47e8-410a-a4e1-05bfb7a00e6a" testListId="8c84fa94-04c1-424b-9868-57a2d4851a1d" />
    <TestEntry testId="164099e4-ba0b-92a0-ab8e-6423b2940adc" executionId="4e64b45c-a234-46d2-ada2-efea6a20dadf" testListId="8c84fa94-04c1-424b-9868-57a2d4851a1d" />
    <TestEntry testId="171c0eff-76ac-4f24-fa59-4eb6dcf76e95" executionId="54a73a06-8cf2-4ec6-af0d-cc66c5c8e849" testListId="8c84fa94-04c1-424b-9868-57a2d4851a1d" />
    <TestEntry testId="29d92cf9-f432-a0b6-0159-38cb9d7bf1b5" executionId="71b15247-f6df-4df4-834e-a3b2eefd3260" testListId="8c84fa94-04c1-424b-9868-57a2d4851a1d" />
    <TestEntry testId="31df9e2e-826b-726c-d18a-8943099f7f92" executionId="432b224d-6010-4fe5-9136-ebe4f007e281" testListId="8c84fa94-04c1-424b-9868-57a2d4851a1d" />
    <TestEntry testId="42e10f2d-e9b8-e879-c578-a97b52179045" executionId="15ef94d8-1d5b-4b96-8501-28c89f353428" testListId="8c84fa94-04c1-424b-9868-57a2d4851a1d" />
    <TestEntry testId="459e5e0d-b7d9-c4bf-07f9-8eb387c8fac9" executionId="72667414-c626-4b4f-bb00-b2252d217bc6" testListId="8c84fa94-04c1-424b-9868-57a2d4851a1d" />
    <TestEntry testId="49297630-4365-f8fb-9d27-98400e64877b" executionId="f922784e-ed09-4add-9a74-eb13162614db" testListId="8c84fa94-04c1-424b-9868-57a2d4851a1d" />
    <TestEntry testId="4d823677-f8a9-b640-f9d4-00316cf4fa30" executionId="b53e64c9-bd71-4188-843f-5e0f435e9bb7" testListId="8c84fa94-04c1-424b-9868-57a2d4851a1d" />
    <TestEntry testId="5a8a0495-1b72-7ab2-c36d-a8bba3765d1e" executionId="471bc77c-1a27-480a-a72e-a126927f3d3a" testListId="8c84fa94-04c1-424b-9868-57a2d4851a1d" />
    <TestEntry testId="5de0297e-6598-19da-5379-ce3e13e2f137" executionId="77da675b-7c37-4347-b4e5-26e254f803d9" testListId="8c84fa94-04c1-424b-9868-57a2d4851a1d" />
    <TestEntry testId="5ee3c7e1-c65e-19bc-5ece-cc66724571f5" executionId="3ecbe3ac-a968-4c64-9ee6-127cc2b44a5a" testListId="8c84fa94-04c1-424b-9868-57a2d4851a1d" />
    <TestEntry testId="5f29ca38-0666-824c-44dc-c53ef6e8adbf" executionId="cb0cd789-5eab-43fe-b747-785881bc2c96" testListId="8c84fa94-04c1-424b-9868-57a2d4851a1d" />
    <TestEntry testId="5f3c2d4e-f729-aa13-be01-4184e2d8ab6f" executionId="26a72fb4-29c4-414b-b26a-3192445e937a" testListId="8c84fa94-04c1-424b-9868-57a2d4851a1d" />
    <TestEntry testId="6750c12b-3b10-ec17-5c41-f0f6c0692e9d" executionId="de5bf875-0865-4608-8a7e-7057829dfbf4" testListId="8c84fa94-04c1-424b-9868-57a2d4851a1d" />
    <TestEntry testId="6aa140b3-bf4e-88f5-102e-87d426f7b629" executionId="27598ac4-4afb-4dac-b142-0aa735b34059" testListId="8c84fa94-04c1-424b-9868-57a2d4851a1d" />
    <TestEntry testId="6e15b933-ff7e-56a0-169f-2d4647c62934" executionId="07854727-3c7f-49fb-b6be-23c7c5ce2056" testListId="8c84fa94-04c1-424b-9868-57a2d4851a1d" />
    <TestEntry testId="701953a0-67c5-2b53-bc31-5ddcb255dadf" executionId="28563384-808a-4e1e-8eb8-d7c49d8e1812" testListId="8c84fa94-04c1-424b-9868-57a2d4851a1d" />
    <TestEntry testId="717b1650-0204-9988-dc94-78f979ef52fe" executionId="f3871801-6c85-4fe7-a728-e03fb5144c7a" testListId="8c84fa94-04c1-424b-9868-57a2d4851a1d" />
    <TestEntry testId="7cf73e1e-174b-6d18-8ad1-e8281d21b208" executionId="ad0ce9d3-b6a2-4ba8-971d-4c8a9ed45348" testListId="8c84fa94-04c1-424b-9868-57a2d4851a1d" />
    <TestEntry testId="815db64d-24a1-ac33-dc86-aee96d34e23a" executionId="92ac9eeb-cbe8-4426-9fb6-bfdcda065249" testListId="8c84fa94-04c1-424b-9868-57a2d4851a1d" />
    <TestEntry testId="a84fe5ee-6606-31a4-9b1a-96593a151b1a" executionId="eaf42283-309e-4d8e-9981-94110af265db" testListId="8c84fa94-04c1-424b-9868-57a2d4851a1d" />
    <TestEntry testId="a95b3af5-3900-fab4-5fde-623e2e0f065e" executionId="afaf87f1-9db0-461b-9c35-6a23c52621ee" testListId="8c84fa94-04c1-424b-9868-57a2d4851a1d" />
    <TestEntry testId="bd23bef9-2e8b-117f-4a31-c1f508ae4ece" executionId="3e6f8f0d-f7bc-49cb-98d7-8ba288fc1ad3" testListId="8c84fa94-04c1-424b-9868-57a2d4851a1d" />
    <TestEntry testId="c11acf36-e8bc-9520-4582-7c2365e061ad" executionId="2f822000-d44a-416d-b0a4-5117dffc08c2" testListId="8c84fa94-04c1-424b-9868-57a2d4851a1d" />
    <TestEntry testId="cf2418f0-81d3-3567-0c54-6728f5046db1" executionId="c650ab37-45d7-4f18-a88a-932d64a05cb4" testListId="8c84fa94-04c1-424b-9868-57a2d4851a1d" />
    <TestEntry testId="d06b9bc0-4df4-7107-5508-48a6b2f5937a" executionId="226b5100-6a94-47b4-93b6-17eea592e4bd" testListId="8c84fa94-04c1-424b-9868-57a2d4851a1d" />
    <TestEntry testId="dbf96828-40b9-cd3c-9490-78fa1b1aa5b8" executionId="dcea55fb-ec10-4c7f-b81c-3e41fd9691a9" testListId="8c84fa94-04c1-424b-9868-57a2d4851a1d" />
    <TestEntry testId="dd2171bc-4fa0-469d-00a5-8bf8946c3e04" executionId="c2c07d51-904d-48cc-a588-73f282dc86f2" testListId="8c84fa94-04c1-424b-9868-57a2d4851a1d" />
    <TestEntry testId="f524a2fd-4fe7-b06b-fe28-99e3f04e3630" executionId="04c688f4-d900-408e-bc1b-6e6269a75bd0" testListId="8c84fa94-04c1-424b-9868-57a2d4851a1d" />
    <TestEntry testId="f6c0caf2-c62e-af8c-adc6-21a661a7a955" executionId="7d9e089f-a729-4630-9d02-4f9de47d18e9" testListId="8c84fa94-04c1-424b-9868-57a2d4851a1d" />
    <TestEntry testId="fac8c2eb-7e28-b1dc-2c25-55b8c8112954" executionId="1f0bfdea-b8eb-4126-88ae-3e51bf010c4a" testListId="8c84fa94-04c1-424b-9868-57a2d4851a1d" />
  </TestEntries>
  <Results>
    <UnitTestResult executionId="64f88655-3ccf-4383-950a-7bb2f3a6be65" testId="053b015b-ef8c-834f-e0c9-b9511da34101" testName="Test_Registration_ModelState_Invalid" computerName="KEVIN-PC" duration="00:00:00.0763939" startTime="2014-04-12T01:52:42.8378906-05:00" endTime="2014-04-12T01:52:43.0693359-05:00" testType="13cdc9d9-ddb5-4fa4-a97d-d965ccfc6d4b" outcome="Passed" testListId="8c84fa94-04c1-424b-9868-57a2d4851a1d" relativeResultsDirectory="64f88655-3ccf-4383-950a-7bb2f3a6be65">
    </UnitTestResult>
    <UnitTestResult executionId="0bf23ca3-47e8-410a-a4e1-05bfb7a00e6a" testId="0aa1f4a1-1351-4dcf-b843-2ef400e167a5" testName="Test_LogIn_ModelState_Valid" computerName="KEVIN-PC" duration="00:00:00.2825191" startTime="2014-04-12T01:52:43.0703125-05:00" endTime="2014-04-12T01:52:43.3554687-05:00" testType="13cdc9d9-ddb5-4fa4-a97d-d965ccfc6d4b" outcome="Passed" testListId="8c84fa94-04c1-424b-9868-57a2d4851a1d" relativeResultsDirectory="0bf23ca3-47e8-410a-a4e1-05bfb7a00e6a">
    </UnitTestResult>
    <UnitTestResult executionId="4e64b45c-a234-46d2-ada2-efea6a20dadf" testId="164099e4-ba0b-92a0-ab8e-6423b2940adc" testName="Test_LogIn_ModelState_Invalid" computerName="KEVIN-PC" duration="00:00:00.0006032" startTime="2014-04-12T01:52:43.3564453-05:00" endTime="2014-04-12T01:52:43.3593750-05:00" testType="13cdc9d9-ddb5-4fa4-a97d-d965ccfc6d4b" outcome="Passed" testListId="8c84fa94-04c1-424b-9868-57a2d4851a1d" relativeResultsDirectory="4e64b45c-a234-46d2-ada2-efea6a20dadf">
    </UnitTestResult>
    <UnitTestResult executionId="54a73a06-8cf2-4ec6-af0d-cc66c5c8e849" testId="171c0eff-76ac-4f24-fa59-4eb6dcf76e95" testName="Test_MainPage_UserLoggedIn_ReturnView" computerName="KEVIN-PC" duration="00:00:00.0125260" startTime="2014-04-12T01:52:43.3603515-05:00" endTime="2014-04-12T01:52:43.3759765-05:00" testType="13cdc9d9-ddb5-4fa4-a97d-d965ccfc6d4b" outcome="Passed" testListId="8c84fa94-04c1-424b-9868-57a2d4851a1d" relativeResultsDirectory="54a73a06-8cf2-4ec6-af0d-cc66c5c8e849">
    </UnitTestResult>
    <UnitTestResult executionId="71b15247-f6df-4df4-834e-a3b2eefd3260" testId="29d92cf9-f432-a0b6-0159-38cb9d7bf1b5" testName="Test_PasswordChangeOk_ReturnView" computerName="KEVIN-PC" duration="00:00:00.0003017" startTime="2014-04-12T01:52:43.3769531-05:00" endTime="2014-04-12T01:52:43.3789062-05:00" testType="13cdc9d9-ddb5-4fa4-a97d-d965ccfc6d4b" outcome="Passed" testListId="8c84fa94-04c1-424b-9868-57a2d4851a1d" relativeResultsDirectory="71b15247-f6df-4df4-834e-a3b2eefd3260">
    </UnitTestResult>
    <UnitTestResult executionId="432b224d-6010-4fe5-9136-ebe4f007e281" testId="31df9e2e-826b-726c-d18a-8943099f7f92" testName="Test_SuccessfulReg_UserLoggedIn_ReturnView" computerName="KEVIN-PC" duration="00:00:00.0078752" startTime="2014-04-12T01:52:43.3798828-05:00" endTime="2014-04-12T01:52:43.3906250-05:00" testType="13cdc9d9-ddb5-4fa4-a97d-d965ccfc6d4b" outcome="Passed" testListId="8c84fa94-04c1-424b-9868-57a2d4851a1d" relativeResultsDirectory="432b224d-6010-4fe5-9136-ebe4f007e281">
    </UnitTestResult>
    <UnitTestResult executionId="15ef94d8-1d5b-4b96-8501-28c89f353428" testId="42e10f2d-e9b8-e879-c578-a97b52179045" testName="Test_SearchResults_Empty_ReturnView" computerName="KEVIN-PC" duration="00:00:00.0912074" startTime="2014-04-12T01:52:43.3916015-05:00" endTime="2014-04-12T01:52:43.4863281-05:00" testType="13cdc9d9-ddb5-4fa4-a97d-d965ccfc6d4b" outcome="Passed" testListId="8c84fa94-04c1-424b-9868-57a2d4851a1d" relativeResultsDirectory="15ef94d8-1d5b-4b96-8501-28c89f353428">
    </UnitTestResult>
    <UnitTestResult executionId="72667414-c626-4b4f-bb00-b2252d217bc6" testId="459e5e0d-b7d9-c4bf-07f9-8eb387c8fac9" testName="Test_About_ReturnView" computerName="KEVIN-PC" duration="00:00:00.0002790" startTime="2014-04-12T01:52:43.4873046-05:00" endTime="2014-04-12T01:52:43.4892578-05:00" testType="13cdc9d9-ddb5-4fa4-a97d-d965ccfc6d4b" outcome="Passed" testListId="8c84fa94-04c1-424b-9868-57a2d4851a1d" relativeResultsDirectory="72667414-c626-4b4f-bb00-b2252d217bc6">
    </UnitTestResult>
    <UnitTestResult executionId="f922784e-ed09-4add-9a74-eb13162614db" testId="49297630-4365-f8fb-9d27-98400e64877b" testName="Test_ChangePassword_ModelState_Valid_PasswordMismatch_Post" computerName="KEVIN-PC" duration="00:00:00.0028625" startTime="2014-04-12T01:52:43.4892578-05:00" endTime="2014-04-12T01:52:43.4941406-05:00" testType="13cdc9d9-ddb5-4fa4-a97d-d965ccfc6d4b" outcome="Passed" testListId="8c84fa94-04c1-424b-9868-57a2d4851a1d" relativeResultsDirectory="f922784e-ed09-4add-9a74-eb13162614db">
    </UnitTestResult>
    <UnitTestResult executionId="b53e64c9-bd71-4188-843f-5e0f435e9bb7" testId="4d823677-f8a9-b640-f9d4-00316cf4fa30" testName="Test_LogIn_ModelState_Valid_InvalidUser" computerName="KEVIN-PC" duration="00:00:00.0127430" startTime="2014-04-12T01:52:43.4951171-05:00" endTime="2014-04-12T01:52:43.5107421-05:00" testType="13cdc9d9-ddb5-4fa4-a97d-d965ccfc6d4b" outcome="Passed" testListId="8c84fa94-04c1-424b-9868-57a2d4851a1d" relativeResultsDirectory="b53e64c9-bd71-4188-843f-5e0f435e9bb7">
    </UnitTestResult>
    <UnitTestResult executionId="471bc77c-1a27-480a-a72e-a126927f3d3a" testId="5a8a0495-1b72-7ab2-c36d-a8bba3765d1e" testName="Test_Event_ModelState_Invalid" computerName="KEVIN-PC" duration="00:00:00.0033666" startTime="2014-04-12T01:52:43.5117187-05:00" endTime="2014-04-12T01:52:43.5166015-05:00" testType="13cdc9d9-ddb5-4fa4-a97d-d965ccfc6d4b" outcome="Passed" testListId="8c84fa94-04c1-424b-9868-57a2d4851a1d" relativeResultsDirectory="471bc77c-1a27-480a-a72e-a126927f3d3a">
    </UnitTestResult>
    <UnitTestResult executionId="77da675b-7c37-4347-b4e5-26e254f803d9" testId="5de0297e-6598-19da-5379-ce3e13e2f137" testName="Test_SearchResults_ByState_ReturnPartialView" computerName="KEVIN-PC" duration="00:00:00.0009537" startTime="2014-04-12T01:52:43.5175781-05:00" endTime="2014-04-12T01:52:43.5205078-05:00" testType="13cdc9d9-ddb5-4fa4-a97d-d965ccfc6d4b" outcome="Passed" testListId="8c84fa94-04c1-424b-9868-57a2d4851a1d" relativeResultsDirectory="77da675b-7c37-4347-b4e5-26e254f803d9">
    </UnitTestResult>
    <UnitTestResult executionId="3ecbe3ac-a968-4c64-9ee6-127cc2b44a5a" testId="5ee3c7e1-c65e-19bc-5ece-cc66724571f5" testName="Test_PasswordRetrieval_ModelState_Invalid_ReturnView" computerName="KEVIN-PC" duration="00:00:00.0014907" startTime="2014-04-12T01:52:43.5205078-05:00" endTime="2014-04-12T01:52:43.5244140-05:00" testType="13cdc9d9-ddb5-4fa4-a97d-d965ccfc6d4b" outcome="Passed" testListId="8c84fa94-04c1-424b-9868-57a2d4851a1d" relativeResultsDirectory="3ecbe3ac-a968-4c64-9ee6-127cc2b44a5a">
    </UnitTestResult>
    <UnitTestResult executionId="cb0cd789-5eab-43fe-b747-785881bc2c96" testId="5f29ca38-0666-824c-44dc-c53ef6e8adbf" testName="Test_Event_UserNotLoggedIn_ReturnView" computerName="KEVIN-PC" duration="00:00:00.0062362" startTime="2014-04-12T01:52:43.5253906-05:00" endTime="2014-04-12T01:52:43.5371093-05:00" testType="13cdc9d9-ddb5-4fa4-a97d-d965ccfc6d4b" outcome="Passed" testListId="8c84fa94-04c1-424b-9868-57a2d4851a1d" relativeResultsDirectory="cb0cd789-5eab-43fe-b747-785881bc2c96">
    </UnitTestResult>
    <UnitTestResult executionId="26a72fb4-29c4-414b-b26a-3192445e937a" testId="5f3c2d4e-f729-aa13-be01-4184e2d8ab6f" testName="Test_ChangePassword_UserNotLoggedIn_ReturnView" computerName="KEVIN-PC" duration="00:00:00.0070230" startTime="2014-04-12T01:52:43.5400390-05:00" endTime="2014-04-12T01:52:43.5664062-05:00" testType="13cdc9d9-ddb5-4fa4-a97d-d965ccfc6d4b" outcome="Passed" testListId="8c84fa94-04c1-424b-9868-57a2d4851a1d" relativeResultsDirectory="26a72fb4-29c4-414b-b26a-3192445e937a">
    </UnitTestResult>
    <UnitTestResult executionId="de5bf875-0865-4608-8a7e-7057829dfbf4" testId="6750c12b-3b10-ec17-5c41-f0f6c0692e9d" testName="Test_Search_UserLoggedIn_ReturnView" computerName="KEVIN-PC" duration="00:00:00.0053994" startTime="2014-04-12T01:52:43.5673828-05:00" endTime="2014-04-12T01:52:43.5751953-05:00" testType="13cdc9d9-ddb5-4fa4-a97d-d965ccfc6d4b" outcome="Passed" testListId="8c84fa94-04c1-424b-9868-57a2d4851a1d" relativeResultsDirectory="de5bf875-0865-4608-8a7e-7057829dfbf4">
    </UnitTestResult>
    <UnitTestResult executionId="27598ac4-4afb-4dac-b142-0aa735b34059" testId="6aa140b3-bf4e-88f5-102e-87d426f7b629" testName="Test_SearchResults_ByUser_ReturnPartialView" computerName="KEVIN-PC" duration="00:00:00.0005503" startTime="2014-04-12T01:52:43.5761718-05:00" endTime="2014-04-12T01:52:43.5791015-05:00" testType="13cdc9d9-ddb5-4fa4-a97d-d965ccfc6d4b" outcome="Passed" testListId="8c84fa94-04c1-424b-9868-57a2d4851a1d" relativeResultsDirectory="27598ac4-4afb-4dac-b142-0aa735b34059">
    </UnitTestResult>
    <UnitTestResult executionId="07854727-3c7f-49fb-b6be-23c7c5ce2056" testId="6e15b933-ff7e-56a0-169f-2d4647c62934" testName="Test_Event_UserLoggedIn_ReturnView" computerName="KEVIN-PC" duration="00:00:00.0127692" startTime="2014-04-12T01:52:43.5791015-05:00" endTime="2014-04-12T01:52:43.5957031-05:00" testType="13cdc9d9-ddb5-4fa4-a97d-d965ccfc6d4b" outcome="Passed" testListId="8c84fa94-04c1-424b-9868-57a2d4851a1d" relativeResultsDirectory="07854727-3c7f-49fb-b6be-23c7c5ce2056">
    </UnitTestResult>
    <UnitTestResult executionId="28563384-808a-4e1e-8eb8-d7c49d8e1812" testId="701953a0-67c5-2b53-bc31-5ddcb255dadf" testName="Test_LogOut_ReturnView" computerName="KEVIN-PC" duration="00:00:00.0056253" startTime="2014-04-12T01:52:43.5966796-05:00" endTime="2014-04-12T01:52:43.6054687-05:00" testType="13cdc9d9-ddb5-4fa4-a97d-d965ccfc6d4b" outcome="Passed" testListId="8c84fa94-04c1-424b-9868-57a2d4851a1d" relativeResultsDirectory="28563384-808a-4e1e-8eb8-d7c49d8e1812">
    </UnitTestResult>
    <UnitTestResult executionId="f3871801-6c85-4fe7-a728-e03fb5144c7a" testId="717b1650-0204-9988-dc94-78f979ef52fe" testName="Test_Registration_ModelState_valid_UserNameExists" computerName="KEVIN-PC" duration="00:00:00.0147765" startTime="2014-04-12T01:52:43.6064453-05:00" endTime="2014-04-12T01:52:43.6230468-05:00" testType="13cdc9d9-ddb5-4fa4-a97d-d965ccfc6d4b" outcome="Passed" testListId="8c84fa94-04c1-424b-9868-57a2d4851a1d" relativeResultsDirectory="f3871801-6c85-4fe7-a728-e03fb5144c7a">
    </UnitTestResult>
    <UnitTestResult executionId="ad0ce9d3-b6a2-4ba8-971d-4c8a9ed45348" testId="7cf73e1e-174b-6d18-8ad1-e8281d21b208" testName="Test_Registration_ModelState_valid_UserDoesNotExist" computerName="KEVIN-PC" duration="00:00:03.7751280" startTime="2014-04-12T01:52:43.6240234-05:00" endTime="2014-04-12T01:52:47.4013671-05:00" testType="13cdc9d9-ddb5-4fa4-a97d-d965ccfc6d4b" outcome="Passed" testListId="8c84fa94-04c1-424b-9868-57a2d4851a1d" relativeResultsDirectory="ad0ce9d3-b6a2-4ba8-971d-4c8a9ed45348">
    </UnitTestResult>
    <UnitTestResult executionId="92ac9eeb-cbe8-4426-9fb6-bfdcda065249" testId="815db64d-24a1-ac33-dc86-aee96d34e23a" testName="Test_MainPage_UserNotLoggedIn_ReturnView" computerName="KEVIN-PC" duration="00:00:00.0064316" startTime="2014-04-12T01:52:47.4033203-05:00" endTime="2014-04-12T01:52:47.4121093-05:00" testType="13cdc9d9-ddb5-4fa4-a97d-d965ccfc6d4b" outcome="Passed" testListId="8c84fa94-04c1-424b-9868-57a2d4851a1d" relativeResultsDirectory="92ac9eeb-cbe8-4426-9fb6-bfdcda065249">
    </UnitTestResult>
    <UnitTestResult executionId="eaf42283-309e-4d8e-9981-94110af265db" testId="a84fe5ee-6606-31a4-9b1a-96593a151b1a" testName="Test_ChangePassword_ModelState_Invalid_ReturnView" computerName="KEVIN-PC" duration="00:00:00.0010851" startTime="2014-04-12T01:52:47.4130859-05:00" endTime="2014-04-12T01:52:47.4169921-05:00" testType="13cdc9d9-ddb5-4fa4-a97d-d965ccfc6d4b" outcome="Passed" testListId="8c84fa94-04c1-424b-9868-57a2d4851a1d" relativeResultsDirectory="eaf42283-309e-4d8e-9981-94110af265db">
    </UnitTestResult>
    <UnitTestResult executionId="afaf87f1-9db0-461b-9c35-6a23c52621ee" testId="a95b3af5-3900-fab4-5fde-623e2e0f065e" testName="Test_Search_UserNotLoggedIn_ReturnView" computerName="KEVIN-PC" duration="00:00:00.0061003" startTime="2014-04-12T01:52:47.4228515-05:00" endTime="2014-04-12T01:52:47.4335937-05:00" testType="13cdc9d9-ddb5-4fa4-a97d-d965ccfc6d4b" outcome="Passed" testListId="8c84fa94-04c1-424b-9868-57a2d4851a1d" relativeResultsDirectory="afaf87f1-9db0-461b-9c35-6a23c52621ee">
    </UnitTestResult>
    <UnitTestResult executionId="3e6f8f0d-f7bc-49cb-98d7-8ba288fc1ad3" testId="bd23bef9-2e8b-117f-4a31-c1f508ae4ece" testName="Test_Event_ModelState_valid" computerName="KEVIN-PC" duration="00:00:00.0193278" startTime="2014-04-12T01:52:47.4345703-05:00" endTime="2014-04-12T01:52:47.4560546-05:00" testType="13cdc9d9-ddb5-4fa4-a97d-d965ccfc6d4b" outcome="Passed" testListId="8c84fa94-04c1-424b-9868-57a2d4851a1d" relativeResultsDirectory="3e6f8f0d-f7bc-49cb-98d7-8ba288fc1ad3">
    </UnitTestResult>
    <UnitTestResult executionId="2f822000-d44a-416d-b0a4-5117dffc08c2" testId="c11acf36-e8bc-9520-4582-7c2365e061ad" testName="Test_Login_ReturnView" computerName="KEVIN-PC" duration="00:00:00.0002798" startTime="2014-04-12T01:52:47.4570312-05:00" endTime="2014-04-12T01:52:47.4589843-05:00" testType="13cdc9d9-ddb5-4fa4-a97d-d965ccfc6d4b" outcome="Passed" testListId="8c84fa94-04c1-424b-9868-57a2d4851a1d" relativeResultsDirectory="2f822000-d44a-416d-b0a4-5117dffc08c2">
    </UnitTestResult>
    <UnitTestResult executionId="c650ab37-45d7-4f18-a88a-932d64a05cb4" testId="cf2418f0-81d3-3567-0c54-6728f5046db1" testName="Test_Profile_UserNotLoggedIn_ReturnView" computerName="KEVIN-PC" duration="00:00:00.0071112" startTime="2014-04-12T01:52:47.4599609-05:00" endTime="2014-04-12T01:52:47.4707031-05:00" testType="13cdc9d9-ddb5-4fa4-a97d-d965ccfc6d4b" outcome="Passed" testListId="8c84fa94-04c1-424b-9868-57a2d4851a1d" relativeResultsDirectory="c650ab37-45d7-4f18-a88a-932d64a05cb4">
    </UnitTestResult>
    <UnitTestResult executionId="226b5100-6a94-47b4-93b6-17eea592e4bd" testId="d06b9bc0-4df4-7107-5508-48a6b2f5937a" testName="Test_Profile_UserLoggedIn_ReturnView" computerName="KEVIN-PC" duration="00:00:00.0057999" startTime="2014-04-12T01:52:47.4746093-05:00" endTime="2014-04-12T01:52:47.4824218-05:00" testType="13cdc9d9-ddb5-4fa4-a97d-d965ccfc6d4b" outcome="Passed" testListId="8c84fa94-04c1-424b-9868-57a2d4851a1d" relativeResultsDirectory="226b5100-6a94-47b4-93b6-17eea592e4bd">
    </UnitTestResult>
    <UnitTestResult executionId="dcea55fb-ec10-4c7f-b81c-3e41fd9691a9" testId="dbf96828-40b9-cd3c-9490-78fa1b1aa5b8" testName="Test_PasswordRetrieval_ModelState_valid_ReturnView" computerName="KEVIN-PC" duration="00:00:01.1927959" startTime="2014-04-12T01:52:47.4833984-05:00" endTime="2014-04-12T01:52:48.6875000-05:00" testType="13cdc9d9-ddb5-4fa4-a97d-d965ccfc6d4b" outcome="Passed" testListId="8c84fa94-04c1-424b-9868-57a2d4851a1d" relativeResultsDirectory="dcea55fb-ec10-4c7f-b81c-3e41fd9691a9">
    </UnitTestResult>
    <UnitTestResult executionId="c2c07d51-904d-48cc-a588-73f282dc86f2" testId="dd2171bc-4fa0-469d-00a5-8bf8946c3e04" testName="Test_Registration_ReturnView" computerName="KEVIN-PC" duration="00:00:00.0003276" startTime="2014-04-12T01:52:48.6904296-05:00" endTime="2014-04-12T01:52:48.6943359-05:00" testType="13cdc9d9-ddb5-4fa4-a97d-d965ccfc6d4b" outcome="Passed" testListId="8c84fa94-04c1-424b-9868-57a2d4851a1d" relativeResultsDirectory="c2c07d51-904d-48cc-a588-73f282dc86f2">
    </UnitTestResult>
    <UnitTestResult executionId="04c688f4-d900-408e-bc1b-6e6269a75bd0" testId="f524a2fd-4fe7-b06b-fe28-99e3f04e3630" testName="Test_SuccessfulReg_UserNotLoggedIn_ReturnView" computerName="KEVIN-PC" duration="00:00:00.0066370" startTime="2014-04-12T01:52:48.6953125-05:00" endTime="2014-04-12T01:52:48.7041015-05:00" testType="13cdc9d9-ddb5-4fa4-a97d-d965ccfc6d4b" outcome="Passed" testListId="8c84fa94-04c1-424b-9868-57a2d4851a1d" relativeResultsDirectory="04c688f4-d900-408e-bc1b-6e6269a75bd0">
    </UnitTestResult>
    <UnitTestResult executionId="7d9e089f-a729-4630-9d02-4f9de47d18e9" testId="f6c0caf2-c62e-af8c-adc6-21a661a7a955" testName="Test_ChangePassword_UserLoggedIn_ReturnView" computerName="KEVIN-PC" duration="00:00:00.0057012" startTime="2014-04-12T01:52:48.7050781-05:00" endTime="2014-04-12T01:52:48.7119140-05:00" testType="13cdc9d9-ddb5-4fa4-a97d-d965ccfc6d4b" outcome="Passed" testListId="8c84fa94-04c1-424b-9868-57a2d4851a1d" relativeResultsDirectory="7d9e089f-a729-4630-9d02-4f9de47d18e9">
    </UnitTestResult>
    <UnitTestResult executionId="1f0bfdea-b8eb-4126-88ae-3e51bf010c4a" testId="fac8c2eb-7e28-b1dc-2c25-55b8c8112954" testName="Test_EventDisplay_ReturnView" computerName="KEVIN-PC" duration="00:00:00.0137471" startTime="2014-04-12T01:52:48.7128906-05:00" endTime="2014-04-12T01:52:48.7294921-05:00" testType="13cdc9d9-ddb5-4fa4-a97d-d965ccfc6d4b" outcome="Passed" testListId="8c84fa94-04c1-424b-9868-57a2d4851a1d" relativeResultsDirectory="1f0bfdea-b8eb-4126-88ae-3e51bf010c4a">
    </UnitTestResult>
  </Results>
</TestRun>