<?xml version="1.0" encoding="UTF-8"?>
<TestRun id="f16716fe-24ee-4f99-b29c-dd3791574d6c" name="kmahlin@CSELAB4-21 2014-04-07 15:19:44" runUser="CS.UNL.EDU\kmahlin" xmlns="http://microsoft.com/schemas/VisualStudio/TeamTest/2010">
  <TestSettings name="Default Test Settings" id="cd381b9a-706b-4169-a80e-2e369ad8e496">
    <Deployment runDeploymentRoot="kmahlin_CSELAB4-21 2014-04-07 15_19_44">
      <DeploymentItem filename="D:\Git\home\kevin\Carpool\packages\SimpleCrypto.0.3.30.26\lib\SimpleCrypto.dll" />
      <DeploymentItem filename="D:\Git\home\kevin\Carpool\packages\Moq.4.2.1402.2112\lib\net40\Moq.dll" />
      <DeploymentItem filename="D:\Git\home\kevin\Carpool\CarpoolSystem\bin\CarpoolSystem.dll" />
    </Deployment>
    <Execution>
      <TestTypeSpecific />
      <AgentRule name="Execution Agents">
      </AgentRule>
    </Execution>
  </TestSettings>
  <Times creation="2014-04-07T15:19:44.7571432-05:00" queuing="2014-04-07T15:19:45.7181432-05:00" start="2014-04-07T15:19:45.8031432-05:00" finish="2014-04-07T15:19:55.5041432-05:00" />
  <ResultSummary outcome="Failed">
    <Counters total="1" executed="1" error="0" failed="1" timeout="0" aborted="0" inconclusive="0" passedButRunAborted="0" notRunnable="0" notExecuted="0" disconnected="0" warning="0" passed="0" completed="0" inProgress="0" pending="0" />
  </ResultSummary>
  <TestDefinitions>
    <UnitTest name="Test_Home_Index" storage="d:\git\home\kevin\carpool\carpoolsystem.tests\bin\debug\carpoolsystem.tests.dll" id="2b53b24a-785b-4545-ed8f-b18cfdfaa110">
      <Execution id="9009b584-a1cd-45ba-9061-b900b1f94cbc" />
      <TestMethod codeBase="D:/Git/home/kevin/Carpool/CarpoolSystem.Tests/bin/Debug/CarpoolSystem.Tests.DLL" adapterTypeName="Microsoft.VisualStudio.TestTools.TestTypes.Unit.UnitTestAdapter, Microsoft.VisualStudio.QualityTools.Tips.UnitTest.Adapter, Version=10.0.0.0, Culture=neutral, PublicKeyToken=b03f5f7f11d50a3a" className="CarpoolSystem.Tests.HomeControllerTest, CarpoolSystem.Tests, Version=1.0.0.0, Culture=neutral, PublicKeyToken=null" name="Test_Home_Index" />
    </UnitTest>
  </TestDefinitions>
  <TestLists>
    <TestList name="Results Not in a List" id="8c84fa94-04c1-424b-9868-57a2d4851a1d" />
    <TestList name="All Loaded Results" id="19431567-8539-422a-85d7-44ee4e166bda" />
  </TestLists>
  <TestEntries>
    <TestEntry testId="2b53b24a-785b-4545-ed8f-b18cfdfaa110" executionId="9009b584-a1cd-45ba-9061-b900b1f94cbc" testListId="8c84fa94-04c1-424b-9868-57a2d4851a1d" />
  </TestEntries>
  <Results>
    <UnitTestResult executionId="9009b584-a1cd-45ba-9061-b900b1f94cbc" testId="2b53b24a-785b-4545-ed8f-b18cfdfaa110" testName="Test_Home_Index" computerName="CSELAB4-21" duration="00:00:07.2014676" startTime="2014-04-07T15:19:46.4561432-05:00" endTime="2014-04-07T15:19:54.3191432-05:00" testType="13cdc9d9-ddb5-4fa4-a97d-d965ccfc6d4b" outcome="Failed" testListId="8c84fa94-04c1-424b-9868-57a2d4851a1d" relativeResultsDirectory="9009b584-a1cd-45ba-9061-b900b1f94cbc">
      <Output>
        <ErrorInfo>
          <Message>Test method CarpoolSystem.Tests.HomeControllerTest.Test_Home_Index threw exception: 
System.NullReferenceException: Object reference not set to an instance of an object.</Message>
          <StackTrace>    at CarpoolSystem.Controllers.HomeController.isLoggedIn() in D:\Git\home\kevin\Carpool\CarpoolSystem\Controllers\HomeController.cs:line 192
   at CarpoolSystem.Controllers.HomeController.Event() in D:\Git\home\kevin\Carpool\CarpoolSystem\Controllers\HomeController.cs:line 14
   at CarpoolSystem.Tests.HomeControllerTest.Test_Home_Index() in D:\Git\home\kevin\Carpool\CarpoolSystem.Tests\HomeControllerTest.cs:line 54
</StackTrace>
        </ErrorInfo>
      </Output>
    </UnitTestResult>
  </Results>
</TestRun>