<?xml version="1.0" encoding="UTF-8"?>
<TestRun id="d296154e-596d-4e23-9384-e3215da1c0a8" name="kmahlin@CSELAB4-21 2014-04-07 15:20:33" runUser="CS.UNL.EDU\kmahlin" xmlns="http://microsoft.com/schemas/VisualStudio/TeamTest/2010">
  <TestSettings name="Default Test Settings" id="8caefc78-abc8-4a2e-8e0a-7e716f9f0a50">
    <Deployment runDeploymentRoot="kmahlin_CSELAB4-21 2014-04-07 15_20_33">
      <DeploymentItem filename="D:\Git\home\kevin\Carpool\packages\SimpleCrypto.0.3.30.26\lib\SimpleCrypto.dll" />
      <DeploymentItem filename="D:\Git\home\kevin\Carpool\packages\Moq.4.2.1402.2112\lib\net40\Moq.dll" />
      <DeploymentItem filename="D:\Git\home\kevin\Carpool\CarpoolSystem\bin\CarpoolSystem.dll" />
    </Deployment>
    <Execution>
      <TestTypeSpecific />
      <AgentRule name="Execution Agents">
      </AgentRule>
    </Execution>
  </TestSettings>
  <Times creation="2014-04-07T15:20:33.2261432-05:00" queuing="2014-04-07T15:20:34.5881432-05:00" start="2014-04-07T15:20:34.6731432-05:00" finish="2014-04-07T15:23:00.7007048-05:00" />
  <ResultSummary outcome="Error">
    <Counters total="2" executed="1" error="0" failed="0" timeout="0" aborted="1" inconclusive="0" passedButRunAborted="0" notRunnable="0" notExecuted="1" disconnected="0" warning="0" passed="0" completed="0" inProgress="0" pending="0" />
    <RunInfos>
      <RunInfo computerName="CSELAB4-21" outcome="Error" timestamp="2014-04-07T15:23:00.6997047-05:00">
        <Text>Test host process exited unexpectedly.</Text>
      </RunInfo>
    </RunInfos>
  </ResultSummary>
  <TestDefinitions>
    <UnitTest name="Test_Event_ModelState_Invalid" storage="d:\git\home\kevin\carpool\carpoolsystem.tests\bin\debug\carpoolsystem.tests.dll" id="5a8a0495-1b72-7ab2-c36d-a8bba3765d1e">
      <Execution id="055f42ca-cfb6-433f-ac79-0b0d6ebb83cc" />
      <TestMethod codeBase="D:/Git/home/kevin/Carpool/CarpoolSystem.Tests/bin/Debug/CarpoolSystem.Tests.DLL" adapterTypeName="Microsoft.VisualStudio.TestTools.TestTypes.Unit.UnitTestAdapter, Microsoft.VisualStudio.QualityTools.Tips.UnitTest.Adapter, Version=10.0.0.0, Culture=neutral, PublicKeyToken=b03f5f7f11d50a3a" className="CarpoolSystem.Tests.HomeControllerTest, CarpoolSystem.Tests, Version=1.0.0.0, Culture=neutral, PublicKeyToken=null" name="Test_Event_ModelState_Invalid" />
    </UnitTest>
    <UnitTest name="Test_Home_Index" storage="d:\git\home\kevin\carpool\carpoolsystem.tests\bin\debug\carpoolsystem.tests.dll" id="2b53b24a-785b-4545-ed8f-b18cfdfaa110">
      <Execution id="c5f3f983-74eb-47cf-98f6-c3dda2aa83b8" />
      <TestMethod codeBase="D:/Git/home/kevin/Carpool/CarpoolSystem.Tests/bin/Debug/CarpoolSystem.Tests.DLL" adapterTypeName="Microsoft.VisualStudio.TestTools.TestTypes.Unit.UnitTestAdapter, Microsoft.VisualStudio.QualityTools.Tips.UnitTest.Adapter, Version=10.0.0.0, Culture=neutral, PublicKeyToken=b03f5f7f11d50a3a" className="CarpoolSystem.Tests.HomeControllerTest, CarpoolSystem.Tests, Version=1.0.0.0, Culture=neutral, PublicKeyToken=null" name="Test_Home_Index" />
    </UnitTest>
  </TestDefinitions>
  <TestLists>
    <TestList name="Results Not in a List" id="8c84fa94-04c1-424b-9868-57a2d4851a1d" />
    <TestList name="All Loaded Results" id="19431567-8539-422a-85d7-44ee4e166bda" />
  </TestLists>
  <TestEntries>
    <TestEntry testId="2b53b24a-785b-4545-ed8f-b18cfdfaa110" executionId="c5f3f983-74eb-47cf-98f6-c3dda2aa83b8" testListId="8c84fa94-04c1-424b-9868-57a2d4851a1d" />
    <TestEntry testId="5a8a0495-1b72-7ab2-c36d-a8bba3765d1e" executionId="055f42ca-cfb6-433f-ac79-0b0d6ebb83cc" testListId="8c84fa94-04c1-424b-9868-57a2d4851a1d" />
  </TestEntries>
  <Results>
    <UnitTestResult executionId="c5f3f983-74eb-47cf-98f6-c3dda2aa83b8" testId="2b53b24a-785b-4545-ed8f-b18cfdfaa110" testName="Test_Home_Index" computerName="CSELAB4-21" duration="00:02:25.9465615" startTime="2014-04-07T15:20:34.7531432-05:00" endTime="2014-04-07T15:23:00.6997047-05:00" testType="13cdc9d9-ddb5-4fa4-a97d-d965ccfc6d4b" outcome="Aborted" testListId="8c84fa94-04c1-424b-9868-57a2d4851a1d" relativeResultsDirectory="c5f3f983-74eb-47cf-98f6-c3dda2aa83b8">
    </UnitTestResult>
    <UnitTestResult executionId="055f42ca-cfb6-433f-ac79-0b0d6ebb83cc" testId="5a8a0495-1b72-7ab2-c36d-a8bba3765d1e" testName="Test_Event_ModelState_Invalid" computerName="CSELAB4-21" testType="13cdc9d9-ddb5-4fa4-a97d-d965ccfc6d4b" outcome="NotExecuted" testListId="8c84fa94-04c1-424b-9868-57a2d4851a1d" relativeResultsDirectory="055f42ca-cfb6-433f-ac79-0b0d6ebb83cc">
    </UnitTestResult>
  </Results>
</TestRun>