<?xml version="1.0" encoding="UTF-8"?>
<TestRun id="13ac7787-38ca-4c66-96ab-2b86d712449f" name="kmahlin@CSELAB4-21 2014-04-07 15:25:06" runUser="CS.UNL.EDU\kmahlin" xmlns="http://microsoft.com/schemas/VisualStudio/TeamTest/2010">
  <TestSettings name="Default Test Settings" id="b116b14a-5e3d-4c6b-a49b-be3e1ff0043f">
    <Deployment runDeploymentRoot="kmahlin_CSELAB4-21 2014-04-07 15_25_06">
      <DeploymentItem filename="D:\Git\home\kevin\Carpool\packages\SimpleCrypto.0.3.30.26\lib\SimpleCrypto.dll" />
      <DeploymentItem filename="D:\Git\home\kevin\Carpool\packages\Moq.4.2.1402.2112\lib\net40\Moq.dll" />
      <DeploymentItem filename="D:\Git\home\kevin\Carpool\CarpoolSystem\bin\CarpoolSystem.dll" />
    </Deployment>
    <Execution>
      <TestTypeSpecific />
      <AgentRule name="Execution Agents">
      </AgentRule>
    </Execution>
  </TestSettings>
  <Times creation="2014-04-07T15:25:06.9973332-05:00" queuing="2014-04-07T15:25:08.8705205-05:00" start="2014-04-07T15:25:08.9085243-05:00" finish="2014-04-07T15:25:09.2115546-05:00" />
  <ResultSummary outcome="Completed">
    <Counters total="1" executed="1" passed="1" error="0" failed="0" timeout="0" aborted="0" inconclusive="0" passedButRunAborted="0" notRunnable="0" notExecuted="0" disconnected="0" warning="0" completed="0" inProgress="0" pending="0" />
  </ResultSummary>
  <TestDefinitions>
    <UnitTest name="Test_Home_Index" storage="d:\git\home\kevin\carpool\carpoolsystem.tests\bin\debug\carpoolsystem.tests.dll" id="2b53b24a-785b-4545-ed8f-b18cfdfaa110">
      <Execution id="ba795313-de77-4a1e-870d-eeb7de4c79d3" />
      <TestMethod codeBase="D:/Git/home/kevin/Carpool/CarpoolSystem.Tests/bin/Debug/CarpoolSystem.Tests.DLL" adapterTypeName="Microsoft.VisualStudio.TestTools.TestTypes.Unit.UnitTestAdapter, Microsoft.VisualStudio.QualityTools.Tips.UnitTest.Adapter, Version=10.0.0.0, Culture=neutral, PublicKeyToken=b03f5f7f11d50a3a" className="CarpoolSystem.Tests.HomeControllerTest, CarpoolSystem.Tests, Version=1.0.0.0, Culture=neutral, PublicKeyToken=null" name="Test_Home_Index" />
    </UnitTest>
  </TestDefinitions>
  <TestLists>
    <TestList name="Results Not in a List" id="8c84fa94-04c1-424b-9868-57a2d4851a1d" />
    <TestList name="All Loaded Results" id="19431567-8539-422a-85d7-44ee4e166bda" />
  </TestLists>
  <TestEntries>
    <TestEntry testId="2b53b24a-785b-4545-ed8f-b18cfdfaa110" executionId="ba795313-de77-4a1e-870d-eeb7de4c79d3" testListId="8c84fa94-04c1-424b-9868-57a2d4851a1d" />
  </TestEntries>
  <Results>
    <UnitTestResult executionId="ba795313-de77-4a1e-870d-eeb7de4c79d3" testId="2b53b24a-785b-4545-ed8f-b18cfdfaa110" testName="Test_Home_Index" computerName="CSELAB4-21" duration="00:00:00.0335940" startTime="2014-04-07T15:25:08.9455280-05:00" endTime="2014-04-07T15:25:09.1725507-05:00" testType="13cdc9d9-ddb5-4fa4-a97d-d965ccfc6d4b" outcome="Passed" testListId="8c84fa94-04c1-424b-9868-57a2d4851a1d" relativeResultsDirectory="ba795313-de77-4a1e-870d-eeb7de4c79d3">
    </UnitTestResult>
  </Results>
</TestRun>